CRITICAL - 2023-03-31 00:10:09 --> Undefined variable $enrolmentData
in APPPATH\Views\report_home.php on line 476.
 1 APPPATH\Views\report_home.php(476): CodeIgniter\Debug\Exceptions->errorHandler(2, 'Undefined variable $enrolmentData', 'C:\\Program Files\\xampp\\htdocs\\reporting\\app\\Views\\report_home.php', 476)
 2 SYSTEMPATH\View\View.php(213): include('C:\\Program Files\\xampp\\htdocs\\reporting\\app\\Views\\report_home.php')
 3 SYSTEMPATH\View\View.php(216): CodeIgniter\View\View->CodeIgniter\View\{closure}()
 4 SYSTEMPATH\Common.php(1184): CodeIgniter\View\View->render('report_home', [], true)
 5 APPPATH\Controllers\Home.php(22): view('report_home', [...])
 6 SYSTEMPATH\CodeIgniter.php(934): App\Controllers\Home->index()
 7 SYSTEMPATH\CodeIgniter.php(499): CodeIgniter\CodeIgniter->runController(Object(App\Controllers\Home))
 8 SYSTEMPATH\CodeIgniter.php(368): CodeIgniter\CodeIgniter->handleRequest(null, Object(Config\Cache), false)
 9 FCPATH\index.php(67): CodeIgniter\CodeIgniter->run()
10 SYSTEMPATH\Commands\Server\rewrite.php(47): require_once('C:\\Program Files\\xampp\\htdocs\\reporting\\public\\index.php')
CRITICAL - 2023-03-31 00:15:49 --> Undefined variable $enrolmentData
in APPPATH\Views\report_home.php on line 476.
 1 APPPATH\Views\report_home.php(476): CodeIgniter\Debug\Exceptions->errorHandler(2, 'Undefined variable $enrolmentData', 'C:\\Program Files\\xampp\\htdocs\\reporting\\app\\Views\\report_home.php', 476)
 2 SYSTEMPATH\View\View.php(213): include('C:\\Program Files\\xampp\\htdocs\\reporting\\app\\Views\\report_home.php')
 3 SYSTEMPATH\View\View.php(216): CodeIgniter\View\View->CodeIgniter\View\{closure}()
 4 SYSTEMPATH\Common.php(1184): CodeIgniter\View\View->render('report_home', [], true)
 5 APPPATH\Controllers\Home.php(22): view('report_home', [...])
 6 SYSTEMPATH\CodeIgniter.php(934): App\Controllers\Home->index()
 7 SYSTEMPATH\CodeIgniter.php(499): CodeIgniter\CodeIgniter->runController(Object(App\Controllers\Home))
 8 SYSTEMPATH\CodeIgniter.php(368): CodeIgniter\CodeIgniter->handleRequest(null, Object(Config\Cache), false)
 9 FCPATH\index.php(67): CodeIgniter\CodeIgniter->run()
10 SYSTEMPATH\Commands\Server\rewrite.php(47): require_once('C:\\Program Files\\xampp\\htdocs\\reporting\\public\\index.php')
CRITICAL - 2023-03-31 00:37:25 --> Undefined variable $ministry
in APPPATH\Views\report_home.php on line 364.
 1 APPPATH\Views\report_home.php(364): CodeIgniter\Debug\Exceptions->errorHandler(2, 'Undefined variable $ministry', 'C:\\Program Files\\xampp\\htdocs\\reporting\\app\\Views\\report_home.php', 364)
 2 SYSTEMPATH\View\View.php(213): include('C:\\Program Files\\xampp\\htdocs\\reporting\\app\\Views\\report_home.php')
 3 SYSTEMPATH\View\View.php(216): CodeIgniter\View\View->CodeIgniter\View\{closure}()
 4 SYSTEMPATH\Common.php(1184): CodeIgniter\View\View->render('report_home', [], true)
 5 APPPATH\Controllers\Home.php(105): view('report_home', [...])
 6 APPPATH\Controllers\Home.php(82): App\Controllers\Home->getCourseWiseEnrolmentReport('do_11359618144357580811')
 7 SYSTEMPATH\CodeIgniter.php(934): App\Controllers\Home->getCourseReport()
 8 SYSTEMPATH\CodeIgniter.php(499): CodeIgniter\CodeIgniter->runController(Object(App\Controllers\Home))
 9 SYSTEMPATH\CodeIgniter.php(368): CodeIgniter\CodeIgniter->handleRequest(null, Object(Config\Cache), false)
10 FCPATH\index.php(67): CodeIgniter\CodeIgniter->run()
11 SYSTEMPATH\Commands\Server\rewrite.php(47): require_once('C:\\Program Files\\xampp\\htdocs\\reporting\\public\\index.php')
CRITICAL - 2023-03-31 00:45:41 --> Call to undefined function form_close()
in APPPATH\Views\report_home.php on line 461.
 1 SYSTEMPATH\View\View.php(213): include()
 2 SYSTEMPATH\View\View.php(216): CodeIgniter\View\View->CodeIgniter\View\{closure}()
 3 SYSTEMPATH\Common.php(1184): CodeIgniter\View\View->render('report_home', [], true)
 4 APPPATH\Controllers\Home.php(109): view('report_home', [...])
 5 APPPATH\Controllers\Home.php(82): App\Controllers\Home->getCourseWiseEnrolmentReport('do_11359618144357580811')
 6 SYSTEMPATH\CodeIgniter.php(934): App\Controllers\Home->getCourseReport()
 7 SYSTEMPATH\CodeIgniter.php(499): CodeIgniter\CodeIgniter->runController(Object(App\Controllers\Home))
 8 SYSTEMPATH\CodeIgniter.php(368): CodeIgniter\CodeIgniter->handleRequest(null, Object(Config\Cache), false)
 9 FCPATH\index.php(67): CodeIgniter\CodeIgniter->run()
10 SYSTEMPATH\Commands\Server\rewrite.php(47): require_once('C:\\Program Files\\xampp\\htdocs\\reporting\\public\\index.php')
CRITICAL - 2023-03-31 00:49:24 --> Assignments can only happen to writable values
in APPPATH\Controllers\Home.php on line 104.
 1 [internal function]: CodeIgniter\Debug\Exceptions->shutdownHandler()
CRITICAL - 2023-03-31 00:50:01 --> Undefined variable $data
in APPPATH\Controllers\Home.php on line 104.
 1 APPPATH\Controllers\Home.php(104): CodeIgniter\Debug\Exceptions->errorHandler(2, 'Undefined variable $data', 'C:\\Program Files\\xampp\\htdocs\\reporting\\app\\Controllers\\Home.php', 104)
 2 APPPATH\Controllers\Home.php(82): App\Controllers\Home->getCourseWiseEnrolmentReport('do_11359618144357580811')
 3 SYSTEMPATH\CodeIgniter.php(934): App\Controllers\Home->getCourseReport()
 4 SYSTEMPATH\CodeIgniter.php(499): CodeIgniter\CodeIgniter->runController(Object(App\Controllers\Home))
 5 SYSTEMPATH\CodeIgniter.php(368): CodeIgniter\CodeIgniter->handleRequest(null, Object(Config\Cache), false)
 6 FCPATH\index.php(67): CodeIgniter\CodeIgniter->run()
 7 SYSTEMPATH\Commands\Server\rewrite.php(47): require_once('C:\\Program Files\\xampp\\htdocs\\reporting\\public\\index.php')
CRITICAL - 2023-03-31 01:24:52 --> Object of class stdClass could not be converted to string
in APPPATH\Views\report_result.php on line 163.
 1 SYSTEMPATH\View\View.php(213): include()
 2 SYSTEMPATH\View\View.php(216): CodeIgniter\View\View->CodeIgniter\View\{closure}()
 3 SYSTEMPATH\Common.php(1184): CodeIgniter\View\View->render('report_result', [], true)
 4 APPPATH\Controllers\Home.php(108): view('report_result', [...])
 5 APPPATH\Controllers\Home.php(84): App\Controllers\Home->getCourseWiseEnrolmentReport('do_11359618144357580811')
 6 SYSTEMPATH\CodeIgniter.php(934): App\Controllers\Home->getCourseReport()
 7 SYSTEMPATH\CodeIgniter.php(499): CodeIgniter\CodeIgniter->runController(Object(App\Controllers\Home))
 8 SYSTEMPATH\CodeIgniter.php(368): CodeIgniter\CodeIgniter->handleRequest(null, Object(Config\Cache), false)
 9 FCPATH\index.php(67): CodeIgniter\CodeIgniter->run()
10 SYSTEMPATH\Commands\Server\rewrite.php(47): require_once('C:\\Program Files\\xampp\\htdocs\\reporting\\public\\index.php')
CRITICAL - 2023-03-31 01:34:18 --> Undefined variable $enrolmentData
in APPPATH\Views\report_home.php on line 447.
 1 APPPATH\Views\report_home.php(447): CodeIgniter\Debug\Exceptions->errorHandler(2, 'Undefined variable $enrolmentData', 'C:\\Program Files\\xampp\\htdocs\\reporting\\app\\Views\\report_home.php', 447)
 2 SYSTEMPATH\View\View.php(213): include('C:\\Program Files\\xampp\\htdocs\\reporting\\app\\Views\\report_home.php')
 3 SYSTEMPATH\View\View.php(216): CodeIgniter\View\View->CodeIgniter\View\{closure}()
 4 SYSTEMPATH\Common.php(1184): CodeIgniter\View\View->render('report_home', [], true)
 5 APPPATH\Controllers\Home.php(23): view('report_home', [...])
 6 SYSTEMPATH\CodeIgniter.php(934): App\Controllers\Home->index()
 7 SYSTEMPATH\CodeIgniter.php(499): CodeIgniter\CodeIgniter->runController(Object(App\Controllers\Home))
 8 SYSTEMPATH\CodeIgniter.php(368): CodeIgniter\CodeIgniter->handleRequest(null, Object(Config\Cache), false)
 9 FCPATH\index.php(67): CodeIgniter\CodeIgniter->run()
10 SYSTEMPATH\Commands\Server\rewrite.php(47): require_once('C:\\Program Files\\xampp\\htdocs\\reporting\\public\\index.php')
CRITICAL - 2023-03-31 01:35:22 --> foreach() argument must be of type array|object, string given
in APPPATH\Views\report_home.php on line 447.
 1 APPPATH\Views\report_home.php(447): CodeIgniter\Debug\Exceptions->errorHandler(2, 'foreach() argument must be of type array|object, string given', 'C:\\Program Files\\xampp\\htdocs\\reporting\\app\\Views\\report_home.php', 447)
 2 SYSTEMPATH\View\View.php(213): include('C:\\Program Files\\xampp\\htdocs\\reporting\\app\\Views\\report_home.php')
 3 SYSTEMPATH\View\View.php(216): CodeIgniter\View\View->CodeIgniter\View\{closure}()
 4 SYSTEMPATH\Common.php(1184): CodeIgniter\View\View->render('report_home', [], true)
 5 APPPATH\Controllers\Home.php(24): view('report_home', [...])
 6 SYSTEMPATH\CodeIgniter.php(934): App\Controllers\Home->index()
 7 SYSTEMPATH\CodeIgniter.php(499): CodeIgniter\CodeIgniter->runController(Object(App\Controllers\Home))
 8 SYSTEMPATH\CodeIgniter.php(368): CodeIgniter\CodeIgniter->handleRequest(null, Object(Config\Cache), false)
 9 FCPATH\index.php(67): CodeIgniter\CodeIgniter->run()
10 SYSTEMPATH\Commands\Server\rewrite.php(47): require_once('C:\\Program Files\\xampp\\htdocs\\reporting\\public\\index.php')
CRITICAL - 2023-03-31 01:36:27 --> Call to undefined function form_close()
in APPPATH\Views\report_home.php on line 434.
 1 SYSTEMPATH\View\View.php(213): include()
 2 SYSTEMPATH\View\View.php(216): CodeIgniter\View\View->CodeIgniter\View\{closure}()
 3 SYSTEMPATH\Common.php(1184): CodeIgniter\View\View->render('report_home', [], true)
 4 APPPATH\Controllers\Home.php(112): view('report_home', [...])
 5 APPPATH\Controllers\Home.php(85): App\Controllers\Home->getCourseWiseEnrolmentReport('do_11359618144357580811')
 6 SYSTEMPATH\CodeIgniter.php(934): App\Controllers\Home->getCourseReport()
 7 SYSTEMPATH\CodeIgniter.php(499): CodeIgniter\CodeIgniter->runController(Object(App\Controllers\Home))
 8 SYSTEMPATH\CodeIgniter.php(368): CodeIgniter\CodeIgniter->handleRequest(null, Object(Config\Cache), false)
 9 FCPATH\index.php(67): CodeIgniter\CodeIgniter->run()
10 SYSTEMPATH\Commands\Server\rewrite.php(47): require_once('C:\\Program Files\\xampp\\htdocs\\reporting\\public\\index.php')
CRITICAL - 2023-03-31 01:41:33 --> Undefined variable $enrolmentData
in APPPATH\Views\report_home.php on line 447.
 1 APPPATH\Views\report_home.php(447): CodeIgniter\Debug\Exceptions->errorHandler(2, 'Undefined variable $enrolmentData', 'C:\\Program Files\\xampp\\htdocs\\reporting\\app\\Views\\report_home.php', 447)
 2 SYSTEMPATH\View\View.php(213): include('C:\\Program Files\\xampp\\htdocs\\reporting\\app\\Views\\report_home.php')
 3 SYSTEMPATH\View\View.php(216): CodeIgniter\View\View->CodeIgniter\View\{closure}()
 4 SYSTEMPATH\Common.php(1184): CodeIgniter\View\View->render('report_home', [], true)
 5 APPPATH\Controllers\Home.php(23): view('report_home', [...])
 6 SYSTEMPATH\CodeIgniter.php(934): App\Controllers\Home->index()
 7 SYSTEMPATH\CodeIgniter.php(499): CodeIgniter\CodeIgniter->runController(Object(App\Controllers\Home))
 8 SYSTEMPATH\CodeIgniter.php(368): CodeIgniter\CodeIgniter->handleRequest(null, Object(Config\Cache), false)
 9 FCPATH\index.php(67): CodeIgniter\CodeIgniter->run()
10 SYSTEMPATH\Commands\Server\rewrite.php(47): require_once('C:\\Program Files\\xampp\\htdocs\\reporting\\public\\index.php')
CRITICAL - 2023-03-31 01:42:05 --> CodeIgniter\View\Table::_prepArgs(): Argument #1 ($args) must be of type array, stdClass given, called in C:\Program Files\xampp\htdocs\reporting\system\View\Table.php on line 435
in SYSTEMPATH\View\Table.php on line 222.
 1 SYSTEMPATH\View\Table.php(435): CodeIgniter\View\Table->_prepArgs(Object(stdClass))
 2 SYSTEMPATH\View\Table.php(269): CodeIgniter\View\Table->_setFromArray([...])
 3 APPPATH\Controllers\Home.php(109): CodeIgniter\View\Table->generate([...])
 4 APPPATH\Controllers\Home.php(84): App\Controllers\Home->getCourseWiseEnrolmentReport('do_11359618144357580811')
 5 SYSTEMPATH\CodeIgniter.php(934): App\Controllers\Home->getCourseReport()
 6 SYSTEMPATH\CodeIgniter.php(499): CodeIgniter\CodeIgniter->runController(Object(App\Controllers\Home))
 7 SYSTEMPATH\CodeIgniter.php(368): CodeIgniter\CodeIgniter->handleRequest(null, Object(Config\Cache), false)
 8 FCPATH\index.php(67): CodeIgniter\CodeIgniter->run()
 9 SYSTEMPATH\Commands\Server\rewrite.php(47): require_once('C:\\Program Files\\xampp\\htdocs\\reporting\\public\\index.php')
CRITICAL - 2023-03-31 01:44:05 --> CodeIgniter\View\Table::_prepArgs(): Argument #1 ($args) must be of type array, stdClass given, called in C:\Program Files\xampp\htdocs\reporting\system\View\Table.php on line 435
in SYSTEMPATH\View\Table.php on line 222.
 1 SYSTEMPATH\View\Table.php(435): CodeIgniter\View\Table->_prepArgs(Object(stdClass))
 2 SYSTEMPATH\View\Table.php(269): CodeIgniter\View\Table->_setFromArray([...])
 3 APPPATH\Controllers\Home.php(109): CodeIgniter\View\Table->generate([...])
 4 APPPATH\Controllers\Home.php(84): App\Controllers\Home->getCourseWiseEnrolmentReport('do_11359618144357580811')
 5 SYSTEMPATH\CodeIgniter.php(934): App\Controllers\Home->getCourseReport()
 6 SYSTEMPATH\CodeIgniter.php(499): CodeIgniter\CodeIgniter->runController(Object(App\Controllers\Home))
 7 SYSTEMPATH\CodeIgniter.php(368): CodeIgniter\CodeIgniter->handleRequest(null, Object(Config\Cache), false)
 8 FCPATH\index.php(67): CodeIgniter\CodeIgniter->run()
 9 SYSTEMPATH\Commands\Server\rewrite.php(47): require_once('C:\\Program Files\\xampp\\htdocs\\reporting\\public\\index.php')
CRITICAL - 2023-03-31 02:59:00 --> foreach() argument must be of type array|object, string given
in APPPATH\Views\report_result.php on line 164.
 1 APPPATH\Views\report_result.php(164): CodeIgniter\Debug\Exceptions->errorHandler(2, 'foreach() argument must be of type array|object, string given', 'C:\\Program Files\\xampp\\htdocs\\reporting\\app\\Views\\report_result.php', 164)
 2 SYSTEMPATH\View\View.php(213): include('C:\\Program Files\\xampp\\htdocs\\reporting\\app\\Views\\report_result.php')
 3 SYSTEMPATH\View\View.php(216): CodeIgniter\View\View->CodeIgniter\View\{closure}()
 4 SYSTEMPATH\Common.php(1184): CodeIgniter\View\View->render('report_result', [], true)
 5 APPPATH\Controllers\Home.php(106): view('report_result', [...])
 6 APPPATH\Controllers\Home.php(84): App\Controllers\Home->getCourseWiseEnrolmentReport('do_11359618144357580811')
 7 SYSTEMPATH\CodeIgniter.php(934): App\Controllers\Home->getCourseReport()
 8 SYSTEMPATH\CodeIgniter.php(499): CodeIgniter\CodeIgniter->runController(Object(App\Controllers\Home))
 9 SYSTEMPATH\CodeIgniter.php(368): CodeIgniter\CodeIgniter->handleRequest(null, Object(Config\Cache), false)
10 FCPATH\index.php(67): CodeIgniter\CodeIgniter->run()
11 SYSTEMPATH\Commands\Server\rewrite.php(47): require_once('C:\\Program Files\\xampp\\htdocs\\reporting\\public\\index.php')
CRITICAL - 2023-03-31 03:06:22 --> Undefined variable $ministry
in APPPATH\Views\report_home.php on line 337.
 1 APPPATH\Views\report_home.php(337): CodeIgniter\Debug\Exceptions->errorHandler(2, 'Undefined variable $ministry', 'C:\\Program Files\\xampp\\htdocs\\reporting\\app\\Views\\report_home.php', 337)
 2 SYSTEMPATH\View\View.php(213): include('C:\\Program Files\\xampp\\htdocs\\reporting\\app\\Views\\report_home.php')
 3 SYSTEMPATH\View\View.php(216): CodeIgniter\View\View->CodeIgniter\View\{closure}()
 4 SYSTEMPATH\Common.php(1184): CodeIgniter\View\View->render('report_home', [], true)
 5 APPPATH\Controllers\Home.php(86): view('report_home', [...])
 6 SYSTEMPATH\CodeIgniter.php(934): App\Controllers\Home->getCourseReport()
 7 SYSTEMPATH\CodeIgniter.php(499): CodeIgniter\CodeIgniter->runController(Object(App\Controllers\Home))
 8 SYSTEMPATH\CodeIgniter.php(368): CodeIgniter\CodeIgniter->handleRequest(null, Object(Config\Cache), false)
 9 FCPATH\index.php(67): CodeIgniter\CodeIgniter->run()
10 SYSTEMPATH\Commands\Server\rewrite.php(47): require_once('C:\\Program Files\\xampp\\htdocs\\reporting\\public\\index.php')
CRITICAL - 2023-03-31 03:08:01 --> Undefined variable $ministry
in APPPATH\Views\report_home.php on line 337.
 1 APPPATH\Views\report_home.php(337): CodeIgniter\Debug\Exceptions->errorHandler(2, 'Undefined variable $ministry', 'C:\\Program Files\\xampp\\htdocs\\reporting\\app\\Views\\report_home.php', 337)
 2 SYSTEMPATH\View\View.php(213): include('C:\\Program Files\\xampp\\htdocs\\reporting\\app\\Views\\report_home.php')
 3 SYSTEMPATH\View\View.php(216): CodeIgniter\View\View->CodeIgniter\View\{closure}()
 4 SYSTEMPATH\Common.php(1184): CodeIgniter\View\View->render('report_home', [], true)
 5 APPPATH\Controllers\Home.php(86): view('report_home')
 6 SYSTEMPATH\CodeIgniter.php(934): App\Controllers\Home->getCourseReport()
 7 SYSTEMPATH\CodeIgniter.php(499): CodeIgniter\CodeIgniter->runController(Object(App\Controllers\Home))
 8 SYSTEMPATH\CodeIgniter.php(368): CodeIgniter\CodeIgniter->handleRequest(null, Object(Config\Cache), false)
 9 FCPATH\index.php(67): CodeIgniter\CodeIgniter->run()
10 SYSTEMPATH\Commands\Server\rewrite.php(47): require_once('C:\\Program Files\\xampp\\htdocs\\reporting\\public\\index.php')
CRITICAL - 2023-03-31 03:12:03 --> Undefined variable $reportTile
in APPPATH\Views\report_result.php on line 158.
 1 APPPATH\Views\report_result.php(158): CodeIgniter\Debug\Exceptions->errorHandler(2, 'Undefined variable $reportTile', 'C:\\Program Files\\xampp\\htdocs\\reporting\\app\\Views\\report_result.php', 158)
 2 SYSTEMPATH\View\View.php(213): include('C:\\Program Files\\xampp\\htdocs\\reporting\\app\\Views\\report_result.php')
 3 SYSTEMPATH\View\View.php(216): CodeIgniter\View\View->CodeIgniter\View\{closure}()
 4 SYSTEMPATH\Common.php(1184): CodeIgniter\View\View->render('report_result', [], true)
 5 APPPATH\Controllers\Home.php(87): view('report_result', [...])
 6 SYSTEMPATH\CodeIgniter.php(934): App\Controllers\Home->getCourseReport()
 7 SYSTEMPATH\CodeIgniter.php(499): CodeIgniter\CodeIgniter->runController(Object(App\Controllers\Home))
 8 SYSTEMPATH\CodeIgniter.php(368): CodeIgniter\CodeIgniter->handleRequest(null, Object(Config\Cache), false)
 9 FCPATH\index.php(67): CodeIgniter\CodeIgniter->run()
10 SYSTEMPATH\Commands\Server\rewrite.php(47): require_once('C:\\Program Files\\xampp\\htdocs\\reporting\\public\\index.php')
ERROR - 2023-03-31 03:15:37 --> ErrorException: pg_query(): Query failed: ERROR:  column &quot;do_11359618144357580811&quot; does not exist
LINE 1: ... course_name from master_course where course_id = do_1135961...
                                                             ^ in C:\Program Files\xampp\htdocs\reporting\system\Database\Postgre\Connection.php:147
Stack trace:
#0 [internal function]: CodeIgniter\Debug\Exceptions->errorHandler(2, 'pg_query(): Que...', 'C:\\Program File...', 147)
#1 C:\Program Files\xampp\htdocs\reporting\system\Database\Postgre\Connection.php(147): pg_query(Object(PgSql\Connection), 'select  course_...')
#2 C:\Program Files\xampp\htdocs\reporting\system\Database\BaseConnection.php(691): CodeIgniter\Database\Postgre\Connection->execute('select  course_...')
#3 C:\Program Files\xampp\htdocs\reporting\system\Database\BaseConnection.php(605): CodeIgniter\Database\BaseConnection->simpleQuery('select  course_...')
#4 C:\Program Files\xampp\htdocs\reporting\app\Models\MasterCourseModel.php(22): CodeIgniter\Database\BaseConnection->query('select  course_...')
#5 C:\Program Files\xampp\htdocs\reporting\app\Controllers\Home.php(115): App\Models\MasterCourseModel->getCourseName('do_113596181443...')
#6 C:\Program Files\xampp\htdocs\reporting\app\Controllers\Home.php(85): App\Controllers\Home->getCourseName('do_113596181443...')
#7 C:\Program Files\xampp\htdocs\reporting\system\CodeIgniter.php(934): App\Controllers\Home->getCourseReport()
#8 C:\Program Files\xampp\htdocs\reporting\system\CodeIgniter.php(499): CodeIgniter\CodeIgniter->runController(Object(App\Controllers\Home))
#9 C:\Program Files\xampp\htdocs\reporting\system\CodeIgniter.php(368): CodeIgniter\CodeIgniter->handleRequest(NULL, Object(Config\Cache), false)
#10 C:\Program Files\xampp\htdocs\reporting\public\index.php(67): CodeIgniter\CodeIgniter->run()
#11 C:\Program Files\xampp\htdocs\reporting\system\Commands\Server\rewrite.php(47): require_once('C:\\Program File...')
#12 {main}
CRITICAL - 2023-03-31 03:15:37 --> pg_query(): Query failed: ERROR:  column &quot;do_11359618144357580811&quot; does not exist
LINE 1: ... course_name from master_course where course_id = do_1135961...
                                                             ^
in SYSTEMPATH\Database\Postgre\Connection.php on line 147.
 1 [internal function]: CodeIgniter\Debug\Exceptions->errorHandler(2, 'pg_query(): Query failed: ERROR:  column &quot;do_11359618144357580811&quot; does not exist
LINE 1: ... course_name from master_course where course_id = do_1135961...
                                                             ^', 'C:\\Program Files\\xampp\\htdocs\\reporting\\system\\Database\\Postgre\\Connection.php', 147)
 2 SYSTEMPATH\Database\Postgre\Connection.php(147): pg_query(Object(PgSql\Connection), 'select  course_name from master_course where course_id = do_11359618144357580811')
 3 SYSTEMPATH\Database\BaseConnection.php(691): CodeIgniter\Database\Postgre\Connection->execute('select  course_name from master_course where course_id = do_11359618144357580811')
 4 SYSTEMPATH\Database\BaseConnection.php(605): CodeIgniter\Database\BaseConnection->simpleQuery('select  course_name from master_course where course_id = do_11359618144357580811')
 5 APPPATH\Models\MasterCourseModel.php(22): CodeIgniter\Database\BaseConnection->query('select  course_name from master_course where course_id = do_11359618144357580811')
 6 APPPATH\Controllers\Home.php(115): App\Models\MasterCourseModel->getCourseName('do_11359618144357580811')
 7 APPPATH\Controllers\Home.php(85): App\Controllers\Home->getCourseName('do_11359618144357580811')
 8 SYSTEMPATH\CodeIgniter.php(934): App\Controllers\Home->getCourseReport()
 9 SYSTEMPATH\CodeIgniter.php(499): CodeIgniter\CodeIgniter->runController(Object(App\Controllers\Home))
10 SYSTEMPATH\CodeIgniter.php(368): CodeIgniter\CodeIgniter->handleRequest(null, Object(Config\Cache), false)
11 FCPATH\index.php(67): CodeIgniter\CodeIgniter->run()
12 SYSTEMPATH\Commands\Server\rewrite.php(47): require_once('C:\\Program Files\\xampp\\htdocs\\reporting\\public\\index.php')
CRITICAL - 2023-03-31 03:16:24 --> Array to string conversion
in APPPATH\Controllers\Home.php on line 85.
 1 APPPATH\Controllers\Home.php(85): CodeIgniter\Debug\Exceptions->errorHandler(2, 'Array to string conversion', 'C:\\Program Files\\xampp\\htdocs\\reporting\\app\\Controllers\\Home.php', 85)
 2 SYSTEMPATH\CodeIgniter.php(934): App\Controllers\Home->getCourseReport()
 3 SYSTEMPATH\CodeIgniter.php(499): CodeIgniter\CodeIgniter->runController(Object(App\Controllers\Home))
 4 SYSTEMPATH\CodeIgniter.php(368): CodeIgniter\CodeIgniter->handleRequest(null, Object(Config\Cache), false)
 5 FCPATH\index.php(67): CodeIgniter\CodeIgniter->run()
 6 SYSTEMPATH\Commands\Server\rewrite.php(47): require_once('C:\\Program Files\\xampp\\htdocs\\reporting\\public\\index.php')
CRITICAL - 2023-03-31 03:19:47 --> Attempt to read property "course_name" on string
in APPPATH\Controllers\Home.php on line 85.
 1 APPPATH\Controllers\Home.php(85): CodeIgniter\Debug\Exceptions->errorHandler(2, 'Attempt to read property "course_name" on string', 'C:\\Program Files\\xampp\\htdocs\\reporting\\app\\Controllers\\Home.php', 85)
 2 SYSTEMPATH\CodeIgniter.php(934): App\Controllers\Home->getCourseReport()
 3 SYSTEMPATH\CodeIgniter.php(499): CodeIgniter\CodeIgniter->runController(Object(App\Controllers\Home))
 4 SYSTEMPATH\CodeIgniter.php(368): CodeIgniter\CodeIgniter->handleRequest(null, Object(Config\Cache), false)
 5 FCPATH\index.php(67): CodeIgniter\CodeIgniter->run()
 6 SYSTEMPATH\Commands\Server\rewrite.php(47): require_once('C:\\Program Files\\xampp\\htdocs\\reporting\\public\\index.php')
CRITICAL - 2023-03-31 03:28:36 --> Array to string conversion
in APPPATH\Controllers\Home.php on line 116.
 1 APPPATH\Controllers\Home.php(116): CodeIgniter\Debug\Exceptions->errorHandler(2, 'Array to string conversion', 'C:\\Program Files\\xampp\\htdocs\\reporting\\app\\Controllers\\Home.php', 116)
 2 APPPATH\Controllers\Home.php(85): App\Controllers\Home->getCourseName('do_11359618144357580811')
 3 SYSTEMPATH\CodeIgniter.php(934): App\Controllers\Home->getCourseReport()
 4 SYSTEMPATH\CodeIgniter.php(499): CodeIgniter\CodeIgniter->runController(Object(App\Controllers\Home))
 5 SYSTEMPATH\CodeIgniter.php(368): CodeIgniter\CodeIgniter->handleRequest(null, Object(Config\Cache), false)
 6 FCPATH\index.php(67): CodeIgniter\CodeIgniter->run()
 7 SYSTEMPATH\Commands\Server\rewrite.php(47): require_once('C:\\Program Files\\xampp\\htdocs\\reporting\\public\\index.php')
CRITICAL - 2023-03-31 03:29:52 --> json_decode(): Argument #1 ($json) must be of type string, array given
in APPPATH\Controllers\Home.php on line 116.
 1 APPPATH\Controllers\Home.php(116): json_decode([...])
 2 APPPATH\Controllers\Home.php(85): App\Controllers\Home->getCourseName('do_11359618144357580811')
 3 SYSTEMPATH\CodeIgniter.php(934): App\Controllers\Home->getCourseReport()
 4 SYSTEMPATH\CodeIgniter.php(499): CodeIgniter\CodeIgniter->runController(Object(App\Controllers\Home))
 5 SYSTEMPATH\CodeIgniter.php(368): CodeIgniter\CodeIgniter->handleRequest(null, Object(Config\Cache), false)
 6 FCPATH\index.php(67): CodeIgniter\CodeIgniter->run()
 7 SYSTEMPATH\Commands\Server\rewrite.php(47): require_once('C:\\Program Files\\xampp\\htdocs\\reporting\\public\\index.php')
CRITICAL - 2023-03-31 03:30:42 --> json_decode(): Argument #1 ($json) must be of type string, array given
in APPPATH\Controllers\Home.php on line 116.
 1 APPPATH\Controllers\Home.php(116): json_decode([...])
 2 APPPATH\Controllers\Home.php(85): App\Controllers\Home->getCourseName('do_11359618144357580811')
 3 SYSTEMPATH\CodeIgniter.php(934): App\Controllers\Home->getCourseReport()
 4 SYSTEMPATH\CodeIgniter.php(499): CodeIgniter\CodeIgniter->runController(Object(App\Controllers\Home))
 5 SYSTEMPATH\CodeIgniter.php(368): CodeIgniter\CodeIgniter->handleRequest(null, Object(Config\Cache), false)
 6 FCPATH\index.php(67): CodeIgniter\CodeIgniter->run()
 7 SYSTEMPATH\Commands\Server\rewrite.php(47): require_once('C:\\Program Files\\xampp\\htdocs\\reporting\\public\\index.php')
CRITICAL - 2023-03-31 03:32:10 --> Attempt to read property "course_name" on string
in APPPATH\Controllers\Home.php on line 117.
 1 APPPATH\Controllers\Home.php(117): CodeIgniter\Debug\Exceptions->errorHandler(2, 'Attempt to read property "course_name" on string', 'C:\\Program Files\\xampp\\htdocs\\reporting\\app\\Controllers\\Home.php', 117)
 2 APPPATH\Controllers\Home.php(85): App\Controllers\Home->getCourseName('do_11359618144357580811')
 3 SYSTEMPATH\CodeIgniter.php(934): App\Controllers\Home->getCourseReport()
 4 SYSTEMPATH\CodeIgniter.php(499): CodeIgniter\CodeIgniter->runController(Object(App\Controllers\Home))
 5 SYSTEMPATH\CodeIgniter.php(368): CodeIgniter\CodeIgniter->handleRequest(null, Object(Config\Cache), false)
 6 FCPATH\index.php(67): CodeIgniter\CodeIgniter->run()
 7 SYSTEMPATH\Commands\Server\rewrite.php(47): require_once('C:\\Program Files\\xampp\\htdocs\\reporting\\public\\index.php')
CRITICAL - 2023-03-31 03:33:59 --> Attempt to read property "course_name" on string
in APPPATH\Controllers\Home.php on line 117.
 1 APPPATH\Controllers\Home.php(117): CodeIgniter\Debug\Exceptions->errorHandler(2, 'Attempt to read property "course_name" on string', 'C:\\Program Files\\xampp\\htdocs\\reporting\\app\\Controllers\\Home.php', 117)
 2 APPPATH\Controllers\Home.php(85): App\Controllers\Home->getCourseName('do_11359618144357580811')
 3 SYSTEMPATH\CodeIgniter.php(934): App\Controllers\Home->getCourseReport()
 4 SYSTEMPATH\CodeIgniter.php(499): CodeIgniter\CodeIgniter->runController(Object(App\Controllers\Home))
 5 SYSTEMPATH\CodeIgniter.php(368): CodeIgniter\CodeIgniter->handleRequest(null, Object(Config\Cache), false)
 6 FCPATH\index.php(67): CodeIgniter\CodeIgniter->run()
 7 SYSTEMPATH\Commands\Server\rewrite.php(47): require_once('C:\\Program Files\\xampp\\htdocs\\reporting\\public\\index.php')
CRITICAL - 2023-03-31 03:35:36 --> json_decode(): Argument #1 ($json) must be of type string, array given
in APPPATH\Controllers\Home.php on line 116.
 1 APPPATH\Controllers\Home.php(116): json_decode([...])
 2 APPPATH\Controllers\Home.php(85): App\Controllers\Home->getCourseName('do_11359618144357580811')
 3 SYSTEMPATH\CodeIgniter.php(934): App\Controllers\Home->getCourseReport()
 4 SYSTEMPATH\CodeIgniter.php(499): CodeIgniter\CodeIgniter->runController(Object(App\Controllers\Home))
 5 SYSTEMPATH\CodeIgniter.php(368): CodeIgniter\CodeIgniter->handleRequest(null, Object(Config\Cache), false)
 6 FCPATH\index.php(67): CodeIgniter\CodeIgniter->run()
 7 SYSTEMPATH\Commands\Server\rewrite.php(47): require_once('C:\\Program Files\\xampp\\htdocs\\reporting\\public\\index.php')
CRITICAL - 2023-03-31 03:36:34 --> json_decode(): Argument #1 ($json) must be of type string, stdClass given
in APPPATH\Controllers\Home.php on line 116.
 1 APPPATH\Controllers\Home.php(116): json_decode(Object(stdClass))
 2 APPPATH\Controllers\Home.php(85): App\Controllers\Home->getCourseName('do_11359618144357580811')
 3 SYSTEMPATH\CodeIgniter.php(934): App\Controllers\Home->getCourseReport()
 4 SYSTEMPATH\CodeIgniter.php(499): CodeIgniter\CodeIgniter->runController(Object(App\Controllers\Home))
 5 SYSTEMPATH\CodeIgniter.php(368): CodeIgniter\CodeIgniter->handleRequest(null, Object(Config\Cache), false)
 6 FCPATH\index.php(67): CodeIgniter\CodeIgniter->run()
 7 SYSTEMPATH\Commands\Server\rewrite.php(47): require_once('C:\\Program Files\\xampp\\htdocs\\reporting\\public\\index.php')
CRITICAL - 2023-03-31 03:39:02 --> Array to string conversion
in APPPATH\Controllers\Home.php on line 85.
 1 APPPATH\Controllers\Home.php(85): CodeIgniter\Debug\Exceptions->errorHandler(2, 'Array to string conversion', 'C:\\Program Files\\xampp\\htdocs\\reporting\\app\\Controllers\\Home.php', 85)
 2 SYSTEMPATH\CodeIgniter.php(934): App\Controllers\Home->getCourseReport()
 3 SYSTEMPATH\CodeIgniter.php(499): CodeIgniter\CodeIgniter->runController(Object(App\Controllers\Home))
 4 SYSTEMPATH\CodeIgniter.php(368): CodeIgniter\CodeIgniter->handleRequest(null, Object(Config\Cache), false)
 5 FCPATH\index.php(67): CodeIgniter\CodeIgniter->run()
 6 SYSTEMPATH\Commands\Server\rewrite.php(47): require_once('C:\\Program Files\\xampp\\htdocs\\reporting\\public\\index.php')
CRITICAL - 2023-03-31 03:43:28 --> Undefined array key "course_name"
in APPPATH\Controllers\Home.php on line 116.
 1 APPPATH\Controllers\Home.php(116): CodeIgniter\Debug\Exceptions->errorHandler(2, 'Undefined array key "course_name"', 'C:\\Program Files\\xampp\\htdocs\\reporting\\app\\Controllers\\Home.php', 116)
 2 APPPATH\Controllers\Home.php(85): App\Controllers\Home->getCourseName('do_11359618144357580811')
 3 SYSTEMPATH\CodeIgniter.php(934): App\Controllers\Home->getCourseReport()
 4 SYSTEMPATH\CodeIgniter.php(499): CodeIgniter\CodeIgniter->runController(Object(App\Controllers\Home))
 5 SYSTEMPATH\CodeIgniter.php(368): CodeIgniter\CodeIgniter->handleRequest(null, Object(Config\Cache), false)
 6 FCPATH\index.php(67): CodeIgniter\CodeIgniter->run()
 7 SYSTEMPATH\Commands\Server\rewrite.php(47): require_once('C:\\Program Files\\xampp\\htdocs\\reporting\\public\\index.php')
CRITICAL - 2023-03-31 03:44:27 --> Array to string conversion
in APPPATH\Controllers\Home.php on line 85.
 1 APPPATH\Controllers\Home.php(85): CodeIgniter\Debug\Exceptions->errorHandler(2, 'Array to string conversion', 'C:\\Program Files\\xampp\\htdocs\\reporting\\app\\Controllers\\Home.php', 85)
 2 SYSTEMPATH\CodeIgniter.php(934): App\Controllers\Home->getCourseReport()
 3 SYSTEMPATH\CodeIgniter.php(499): CodeIgniter\CodeIgniter->runController(Object(App\Controllers\Home))
 4 SYSTEMPATH\CodeIgniter.php(368): CodeIgniter\CodeIgniter->handleRequest(null, Object(Config\Cache), false)
 5 FCPATH\index.php(67): CodeIgniter\CodeIgniter->run()
 6 SYSTEMPATH\Commands\Server\rewrite.php(47): require_once('C:\\Program Files\\xampp\\htdocs\\reporting\\public\\index.php')
CRITICAL - 2023-03-31 03:47:00 --> Cannot use object of type stdClass as array
in APPPATH\Controllers\Home.php on line 116.
 1 APPPATH\Controllers\Home.php(85): App\Controllers\Home->getCourseName('do_11359618144357580811')
 2 SYSTEMPATH\CodeIgniter.php(934): App\Controllers\Home->getCourseReport()
 3 SYSTEMPATH\CodeIgniter.php(499): CodeIgniter\CodeIgniter->runController(Object(App\Controllers\Home))
 4 SYSTEMPATH\CodeIgniter.php(368): CodeIgniter\CodeIgniter->handleRequest(null, Object(Config\Cache), false)
 5 FCPATH\index.php(67): CodeIgniter\CodeIgniter->run()
 6 SYSTEMPATH\Commands\Server\rewrite.php(47): require_once('C:\\Program Files\\xampp\\htdocs\\reporting\\public\\index.php')
CRITICAL - 2023-03-31 03:47:28 --> Undefined array key 1
in APPPATH\Controllers\Home.php on line 116.
 1 APPPATH\Controllers\Home.php(116): CodeIgniter\Debug\Exceptions->errorHandler(2, 'Undefined array key 1', 'C:\\Program Files\\xampp\\htdocs\\reporting\\app\\Controllers\\Home.php', 116)
 2 APPPATH\Controllers\Home.php(85): App\Controllers\Home->getCourseName('do_11359618144357580811')
 3 SYSTEMPATH\CodeIgniter.php(934): App\Controllers\Home->getCourseReport()
 4 SYSTEMPATH\CodeIgniter.php(499): CodeIgniter\CodeIgniter->runController(Object(App\Controllers\Home))
 5 SYSTEMPATH\CodeIgniter.php(368): CodeIgniter\CodeIgniter->handleRequest(null, Object(Config\Cache), false)
 6 FCPATH\index.php(67): CodeIgniter\CodeIgniter->run()
 7 SYSTEMPATH\Commands\Server\rewrite.php(47): require_once('C:\\Program Files\\xampp\\htdocs\\reporting\\public\\index.php')
