ERROR - 2023-03-30 22:50:55 --> ErrorException: pg_query(): Query failed: ERROR:  syntax error at end of input
LINE 1: ...stinct org_id, org_name from master_structure where dep_id =
                                                                       ^ in C:\Program Files\xampp\htdocs\reporting\system\Database\Postgre\Connection.php:147
Stack trace:
#0 [internal function]: CodeIgniter\Debug\Exceptions->errorHandler(2, 'pg_query(): Que...', 'C:\\Program File...', 147)
#1 C:\Program Files\xampp\htdocs\reporting\system\Database\Postgre\Connection.php(147): pg_query(Object(PgSql\Connection), 'select distinct...')
#2 C:\Program Files\xampp\htdocs\reporting\system\Database\BaseConnection.php(691): CodeIgniter\Database\Postgre\Connection->execute('select distinct...')
#3 C:\Program Files\xampp\htdocs\reporting\system\Database\BaseConnection.php(605): CodeIgniter\Database\BaseConnection->simpleQuery('select distinct...')
#4 C:\Program Files\xampp\htdocs\reporting\app\Models\MasterStructureModel.php(30): CodeIgniter\Database\BaseConnection->query('select distinct...')
#5 C:\Program Files\xampp\htdocs\reporting\app\Controllers\Home.php(45): App\Models\MasterStructureModel->getOrganisation(NULL)
#6 C:\Program Files\xampp\htdocs\reporting\system\CodeIgniter.php(934): App\Controllers\Home->action()
#7 C:\Program Files\xampp\htdocs\reporting\system\CodeIgniter.php(499): CodeIgniter\CodeIgniter->runController(Object(App\Controllers\Home))
#8 C:\Program Files\xampp\htdocs\reporting\system\CodeIgniter.php(368): CodeIgniter\CodeIgniter->handleRequest(NULL, Object(Config\Cache), false)
#9 C:\Program Files\xampp\htdocs\reporting\public\index.php(67): CodeIgniter\CodeIgniter->run()
#10 C:\Program Files\xampp\htdocs\reporting\system\Commands\Server\rewrite.php(47): require_once('C:\\Program File...')
#11 {main}
CRITICAL - 2023-03-30 22:50:55 --> pg_query(): Query failed: ERROR:  syntax error at end of input
LINE 1: ...stinct org_id, org_name from master_structure where dep_id =
                                                                       ^
in SYSTEMPATH\Database\Postgre\Connection.php on line 147.
 1 [internal function]: CodeIgniter\Debug\Exceptions->errorHandler(2, 'pg_query(): Query failed: ERROR:  syntax error at end of input
LINE 1: ...stinct org_id, org_name from master_structure where dep_id =
                                                                       ^', 'C:\\Program Files\\xampp\\htdocs\\reporting\\system\\Database\\Postgre\\Connection.php', 147)
 2 SYSTEMPATH\Database\Postgre\Connection.php(147): pg_query(Object(PgSql\Connection), 'select distinct org_id, org_name from master_structure where dep_id =')
 3 SYSTEMPATH\Database\BaseConnection.php(691): CodeIgniter\Database\Postgre\Connection->execute('select distinct org_id, org_name from master_structure where dep_id =')
 4 SYSTEMPATH\Database\BaseConnection.php(605): CodeIgniter\Database\BaseConnection->simpleQuery('select distinct org_id, org_name from master_structure where dep_id =')
 5 APPPATH\Models\MasterStructureModel.php(30): CodeIgniter\Database\BaseConnection->query('select distinct org_id, org_name from master_structure where dep_id =')
 6 APPPATH\Controllers\Home.php(45): App\Models\MasterStructureModel->getOrganisation(null)
 7 SYSTEMPATH\CodeIgniter.php(934): App\Controllers\Home->action()
 8 SYSTEMPATH\CodeIgniter.php(499): CodeIgniter\CodeIgniter->runController(Object(App\Controllers\Home))
 9 SYSTEMPATH\CodeIgniter.php(368): CodeIgniter\CodeIgniter->handleRequest(null, Object(Config\Cache), false)
10 FCPATH\index.php(67): CodeIgniter\CodeIgniter->run()
11 SYSTEMPATH\Commands\Server\rewrite.php(47): require_once('C:\\Program Files\\xampp\\htdocs\\reporting\\public\\index.php')
ERROR - 2023-03-30 22:52:32 --> ErrorException: pg_query(): Query failed: ERROR:  column &quot;124021&quot; does not exist
LINE 1: ...ep_id, dep_name from master_structure where ms_id =&quot;124021&quot;;
                                                              ^ in C:\Program Files\xampp\htdocs\reporting\system\Database\Postgre\Connection.php:147
Stack trace:
#0 [internal function]: CodeIgniter\Debug\Exceptions->errorHandler(2, 'pg_query(): Que...', 'C:\\Program File...', 147)
#1 C:\Program Files\xampp\htdocs\reporting\system\Database\Postgre\Connection.php(147): pg_query(Object(PgSql\Connection), 'select distinct...')
#2 C:\Program Files\xampp\htdocs\reporting\system\Database\BaseConnection.php(691): CodeIgniter\Database\Postgre\Connection->execute('select distinct...')
#3 C:\Program Files\xampp\htdocs\reporting\system\Database\BaseConnection.php(605): CodeIgniter\Database\BaseConnection->simpleQuery('select distinct...')
#4 C:\Program Files\xampp\htdocs\reporting\app\Models\MasterStructureModel.php(23): CodeIgniter\Database\BaseConnection->query('select distinct...')
#5 C:\Program Files\xampp\htdocs\reporting\app\Controllers\Home.php(37): App\Models\MasterStructureModel->getDepartment('124021')
#6 C:\Program Files\xampp\htdocs\reporting\system\CodeIgniter.php(934): App\Controllers\Home->action()
#7 C:\Program Files\xampp\htdocs\reporting\system\CodeIgniter.php(499): CodeIgniter\CodeIgniter->runController(Object(App\Controllers\Home))
#8 C:\Program Files\xampp\htdocs\reporting\system\CodeIgniter.php(368): CodeIgniter\CodeIgniter->handleRequest(NULL, Object(Config\Cache), false)
#9 C:\Program Files\xampp\htdocs\reporting\public\index.php(67): CodeIgniter\CodeIgniter->run()
#10 C:\Program Files\xampp\htdocs\reporting\system\Commands\Server\rewrite.php(47): require_once('C:\\Program File...')
#11 {main}
CRITICAL - 2023-03-30 22:52:32 --> pg_query(): Query failed: ERROR:  column &quot;124021&quot; does not exist
LINE 1: ...ep_id, dep_name from master_structure where ms_id =&quot;124021&quot;;
                                                              ^
in SYSTEMPATH\Database\Postgre\Connection.php on line 147.
 1 [internal function]: CodeIgniter\Debug\Exceptions->errorHandler(2, 'pg_query(): Query failed: ERROR:  column &quot;124021&quot; does not exist
LINE 1: ...ep_id, dep_name from master_structure where ms_id =&quot;124021&quot;;
                                                              ^', 'C:\\Program Files\\xampp\\htdocs\\reporting\\system\\Database\\Postgre\\Connection.php', 147)
 2 SYSTEMPATH\Database\Postgre\Connection.php(147): pg_query(Object(PgSql\Connection), 'select distinct dep_id, dep_name from master_structure where ms_id ="124021";')
 3 SYSTEMPATH\Database\BaseConnection.php(691): CodeIgniter\Database\Postgre\Connection->execute('select distinct dep_id, dep_name from master_structure where ms_id ="124021";')
 4 SYSTEMPATH\Database\BaseConnection.php(605): CodeIgniter\Database\BaseConnection->simpleQuery('select distinct dep_id, dep_name from master_structure where ms_id ="124021";')
 5 APPPATH\Models\MasterStructureModel.php(23): CodeIgniter\Database\BaseConnection->query('select distinct dep_id, dep_name from master_structure where ms_id ="124021";')
 6 APPPATH\Controllers\Home.php(37): App\Models\MasterStructureModel->getDepartment('124021')
 7 SYSTEMPATH\CodeIgniter.php(934): App\Controllers\Home->action()
 8 SYSTEMPATH\CodeIgniter.php(499): CodeIgniter\CodeIgniter->runController(Object(App\Controllers\Home))
 9 SYSTEMPATH\CodeIgniter.php(368): CodeIgniter\CodeIgniter->handleRequest(null, Object(Config\Cache), false)
10 FCPATH\index.php(67): CodeIgniter\CodeIgniter->run()
11 SYSTEMPATH\Commands\Server\rewrite.php(47): require_once('C:\\Program Files\\xampp\\htdocs\\reporting\\public\\index.php')
ERROR - 2023-03-30 22:52:44 --> ErrorException: pg_query(): Query failed: ERROR:  column &quot;63&quot; does not exist
LINE 1: ...ct dep_id, dep_name from master_structure where ms_id =&quot;63&quot;;
                                                                  ^ in C:\Program Files\xampp\htdocs\reporting\system\Database\Postgre\Connection.php:147
Stack trace:
#0 [internal function]: CodeIgniter\Debug\Exceptions->errorHandler(2, 'pg_query(): Que...', 'C:\\Program File...', 147)
#1 C:\Program Files\xampp\htdocs\reporting\system\Database\Postgre\Connection.php(147): pg_query(Object(PgSql\Connection), 'select distinct...')
#2 C:\Program Files\xampp\htdocs\reporting\system\Database\BaseConnection.php(691): CodeIgniter\Database\Postgre\Connection->execute('select distinct...')
#3 C:\Program Files\xampp\htdocs\reporting\system\Database\BaseConnection.php(605): CodeIgniter\Database\BaseConnection->simpleQuery('select distinct...')
#4 C:\Program Files\xampp\htdocs\reporting\app\Models\MasterStructureModel.php(23): CodeIgniter\Database\BaseConnection->query('select distinct...')
#5 C:\Program Files\xampp\htdocs\reporting\app\Controllers\Home.php(37): App\Models\MasterStructureModel->getDepartment('63')
#6 C:\Program Files\xampp\htdocs\reporting\system\CodeIgniter.php(934): App\Controllers\Home->action()
#7 C:\Program Files\xampp\htdocs\reporting\system\CodeIgniter.php(499): CodeIgniter\CodeIgniter->runController(Object(App\Controllers\Home))
#8 C:\Program Files\xampp\htdocs\reporting\system\CodeIgniter.php(368): CodeIgniter\CodeIgniter->handleRequest(NULL, Object(Config\Cache), false)
#9 C:\Program Files\xampp\htdocs\reporting\public\index.php(67): CodeIgniter\CodeIgniter->run()
#10 C:\Program Files\xampp\htdocs\reporting\system\Commands\Server\rewrite.php(47): require_once('C:\\Program File...')
#11 {main}
CRITICAL - 2023-03-30 22:52:44 --> pg_query(): Query failed: ERROR:  column &quot;63&quot; does not exist
LINE 1: ...ct dep_id, dep_name from master_structure where ms_id =&quot;63&quot;;
                                                                  ^
in SYSTEMPATH\Database\Postgre\Connection.php on line 147.
 1 [internal function]: CodeIgniter\Debug\Exceptions->errorHandler(2, 'pg_query(): Query failed: ERROR:  column &quot;63&quot; does not exist
LINE 1: ...ct dep_id, dep_name from master_structure where ms_id =&quot;63&quot;;
                                                                  ^', 'C:\\Program Files\\xampp\\htdocs\\reporting\\system\\Database\\Postgre\\Connection.php', 147)
 2 SYSTEMPATH\Database\Postgre\Connection.php(147): pg_query(Object(PgSql\Connection), 'select distinct dep_id, dep_name from master_structure where ms_id ="63";')
 3 SYSTEMPATH\Database\BaseConnection.php(691): CodeIgniter\Database\Postgre\Connection->execute('select distinct dep_id, dep_name from master_structure where ms_id ="63";')
 4 SYSTEMPATH\Database\BaseConnection.php(605): CodeIgniter\Database\BaseConnection->simpleQuery('select distinct dep_id, dep_name from master_structure where ms_id ="63";')
 5 APPPATH\Models\MasterStructureModel.php(23): CodeIgniter\Database\BaseConnection->query('select distinct dep_id, dep_name from master_structure where ms_id ="63";')
 6 APPPATH\Controllers\Home.php(37): App\Models\MasterStructureModel->getDepartment('63')
 7 SYSTEMPATH\CodeIgniter.php(934): App\Controllers\Home->action()
 8 SYSTEMPATH\CodeIgniter.php(499): CodeIgniter\CodeIgniter->runController(Object(App\Controllers\Home))
 9 SYSTEMPATH\CodeIgniter.php(368): CodeIgniter\CodeIgniter->handleRequest(null, Object(Config\Cache), false)
10 FCPATH\index.php(67): CodeIgniter\CodeIgniter->run()
11 SYSTEMPATH\Commands\Server\rewrite.php(47): require_once('C:\\Program Files\\xampp\\htdocs\\reporting\\public\\index.php')
ERROR - 2023-03-30 22:53:15 --> ErrorException: pg_query(): Query failed: ERROR:  unterminated quoted identifier at or near &quot;&quot;;&quot;
LINE 1: ...inct org_id, org_name from master_structure where dep_id =&quot;;
                                                                     ^ in C:\Program Files\xampp\htdocs\reporting\system\Database\Postgre\Connection.php:147
Stack trace:
#0 [internal function]: CodeIgniter\Debug\Exceptions->errorHandler(2, 'pg_query(): Que...', 'C:\\Program File...', 147)
#1 C:\Program Files\xampp\htdocs\reporting\system\Database\Postgre\Connection.php(147): pg_query(Object(PgSql\Connection), 'select distinct...')
#2 C:\Program Files\xampp\htdocs\reporting\system\Database\BaseConnection.php(691): CodeIgniter\Database\Postgre\Connection->execute('select distinct...')
#3 C:\Program Files\xampp\htdocs\reporting\system\Database\BaseConnection.php(605): CodeIgniter\Database\BaseConnection->simpleQuery('select distinct...')
#4 C:\Program Files\xampp\htdocs\reporting\app\Models\MasterStructureModel.php(30): CodeIgniter\Database\BaseConnection->query('select distinct...')
#5 C:\Program Files\xampp\htdocs\reporting\app\Controllers\Home.php(45): App\Models\MasterStructureModel->getOrganisation(NULL)
#6 C:\Program Files\xampp\htdocs\reporting\system\CodeIgniter.php(934): App\Controllers\Home->action()
#7 C:\Program Files\xampp\htdocs\reporting\system\CodeIgniter.php(499): CodeIgniter\CodeIgniter->runController(Object(App\Controllers\Home))
#8 C:\Program Files\xampp\htdocs\reporting\system\CodeIgniter.php(368): CodeIgniter\CodeIgniter->handleRequest(NULL, Object(Config\Cache), false)
#9 C:\Program Files\xampp\htdocs\reporting\public\index.php(67): CodeIgniter\CodeIgniter->run()
#10 C:\Program Files\xampp\htdocs\reporting\system\Commands\Server\rewrite.php(47): require_once('C:\\Program File...')
#11 {main}
CRITICAL - 2023-03-30 22:53:15 --> pg_query(): Query failed: ERROR:  unterminated quoted identifier at or near &quot;&quot;;&quot;
LINE 1: ...inct org_id, org_name from master_structure where dep_id =&quot;;
                                                                     ^
in SYSTEMPATH\Database\Postgre\Connection.php on line 147.
 1 [internal function]: CodeIgniter\Debug\Exceptions->errorHandler(2, 'pg_query(): Query failed: ERROR:  unterminated quoted identifier at or near &quot;&quot;;&quot;
LINE 1: ...inct org_id, org_name from master_structure where dep_id =&quot;;
                                                                     ^', 'C:\\Program Files\\xampp\\htdocs\\reporting\\system\\Database\\Postgre\\Connection.php', 147)
 2 SYSTEMPATH\Database\Postgre\Connection.php(147): pg_query(Object(PgSql\Connection), 'select distinct org_id, org_name from master_structure where dep_id =";')
 3 SYSTEMPATH\Database\BaseConnection.php(691): CodeIgniter\Database\Postgre\Connection->execute('select distinct org_id, org_name from master_structure where dep_id =";')
 4 SYSTEMPATH\Database\BaseConnection.php(605): CodeIgniter\Database\BaseConnection->simpleQuery('select distinct org_id, org_name from master_structure where dep_id =";')
 5 APPPATH\Models\MasterStructureModel.php(30): CodeIgniter\Database\BaseConnection->query('select distinct org_id, org_name from master_structure where dep_id =";')
 6 APPPATH\Controllers\Home.php(45): App\Models\MasterStructureModel->getOrganisation(null)
 7 SYSTEMPATH\CodeIgniter.php(934): App\Controllers\Home->action()
 8 SYSTEMPATH\CodeIgniter.php(499): CodeIgniter\CodeIgniter->runController(Object(App\Controllers\Home))
 9 SYSTEMPATH\CodeIgniter.php(368): CodeIgniter\CodeIgniter->handleRequest(null, Object(Config\Cache), false)
10 FCPATH\index.php(67): CodeIgniter\CodeIgniter->run()
11 SYSTEMPATH\Commands\Server\rewrite.php(47): require_once('C:\\Program Files\\xampp\\htdocs\\reporting\\public\\index.php')
ERROR - 2023-03-30 22:53:30 --> ErrorException: pg_query(): Query failed: ERROR:  syntax error at or near &quot;;&quot;
LINE 1: ...tinct org_id, org_name from master_structure where dep_id =;
                                                                      ^ in C:\Program Files\xampp\htdocs\reporting\system\Database\Postgre\Connection.php:147
Stack trace:
#0 [internal function]: CodeIgniter\Debug\Exceptions->errorHandler(2, 'pg_query(): Que...', 'C:\\Program File...', 147)
#1 C:\Program Files\xampp\htdocs\reporting\system\Database\Postgre\Connection.php(147): pg_query(Object(PgSql\Connection), 'select distinct...')
#2 C:\Program Files\xampp\htdocs\reporting\system\Database\BaseConnection.php(691): CodeIgniter\Database\Postgre\Connection->execute('select distinct...')
#3 C:\Program Files\xampp\htdocs\reporting\system\Database\BaseConnection.php(605): CodeIgniter\Database\BaseConnection->simpleQuery('select distinct...')
#4 C:\Program Files\xampp\htdocs\reporting\app\Models\MasterStructureModel.php(30): CodeIgniter\Database\BaseConnection->query('select distinct...')
#5 C:\Program Files\xampp\htdocs\reporting\app\Controllers\Home.php(45): App\Models\MasterStructureModel->getOrganisation(NULL)
#6 C:\Program Files\xampp\htdocs\reporting\system\CodeIgniter.php(934): App\Controllers\Home->action()
#7 C:\Program Files\xampp\htdocs\reporting\system\CodeIgniter.php(499): CodeIgniter\CodeIgniter->runController(Object(App\Controllers\Home))
#8 C:\Program Files\xampp\htdocs\reporting\system\CodeIgniter.php(368): CodeIgniter\CodeIgniter->handleRequest(NULL, Object(Config\Cache), false)
#9 C:\Program Files\xampp\htdocs\reporting\public\index.php(67): CodeIgniter\CodeIgniter->run()
#10 C:\Program Files\xampp\htdocs\reporting\system\Commands\Server\rewrite.php(47): require_once('C:\\Program File...')
#11 {main}
CRITICAL - 2023-03-30 22:53:30 --> pg_query(): Query failed: ERROR:  syntax error at or near &quot;;&quot;
LINE 1: ...tinct org_id, org_name from master_structure where dep_id =;
                                                                      ^
in SYSTEMPATH\Database\Postgre\Connection.php on line 147.
 1 [internal function]: CodeIgniter\Debug\Exceptions->errorHandler(2, 'pg_query(): Query failed: ERROR:  syntax error at or near &quot;;&quot;
LINE 1: ...tinct org_id, org_name from master_structure where dep_id =;
                                                                      ^', 'C:\\Program Files\\xampp\\htdocs\\reporting\\system\\Database\\Postgre\\Connection.php', 147)
 2 SYSTEMPATH\Database\Postgre\Connection.php(147): pg_query(Object(PgSql\Connection), 'select distinct org_id, org_name from master_structure where dep_id =;')
 3 SYSTEMPATH\Database\BaseConnection.php(691): CodeIgniter\Database\Postgre\Connection->execute('select distinct org_id, org_name from master_structure where dep_id =;')
 4 SYSTEMPATH\Database\BaseConnection.php(605): CodeIgniter\Database\BaseConnection->simpleQuery('select distinct org_id, org_name from master_structure where dep_id =;')
 5 APPPATH\Models\MasterStructureModel.php(30): CodeIgniter\Database\BaseConnection->query('select distinct org_id, org_name from master_structure where dep_id =;')
 6 APPPATH\Controllers\Home.php(45): App\Models\MasterStructureModel->getOrganisation(null)
 7 SYSTEMPATH\CodeIgniter.php(934): App\Controllers\Home->action()
 8 SYSTEMPATH\CodeIgniter.php(499): CodeIgniter\CodeIgniter->runController(Object(App\Controllers\Home))
 9 SYSTEMPATH\CodeIgniter.php(368): CodeIgniter\CodeIgniter->handleRequest(null, Object(Config\Cache), false)
10 FCPATH\index.php(67): CodeIgniter\CodeIgniter->run()
11 SYSTEMPATH\Commands\Server\rewrite.php(47): require_once('C:\\Program Files\\xampp\\htdocs\\reporting\\public\\index.php')
ERROR - 2023-03-30 22:55:46 --> ErrorException: pg_query(): Query failed: ERROR:  syntax error at or near &quot;;&quot;
LINE 1: ...tinct org_id, org_name from master_structure where dep_id =;
                                                                      ^ in C:\Program Files\xampp\htdocs\reporting\system\Database\Postgre\Connection.php:147
Stack trace:
#0 [internal function]: CodeIgniter\Debug\Exceptions->errorHandler(2, 'pg_query(): Que...', 'C:\\Program File...', 147)
#1 C:\Program Files\xampp\htdocs\reporting\system\Database\Postgre\Connection.php(147): pg_query(Object(PgSql\Connection), 'select distinct...')
#2 C:\Program Files\xampp\htdocs\reporting\system\Database\BaseConnection.php(691): CodeIgniter\Database\Postgre\Connection->execute('select distinct...')
#3 C:\Program Files\xampp\htdocs\reporting\system\Database\BaseConnection.php(605): CodeIgniter\Database\BaseConnection->simpleQuery('select distinct...')
#4 C:\Program Files\xampp\htdocs\reporting\app\Models\MasterStructureModel.php(30): CodeIgniter\Database\BaseConnection->query('select distinct...')
#5 C:\Program Files\xampp\htdocs\reporting\app\Controllers\Home.php(45): App\Models\MasterStructureModel->getOrganisation(NULL)
#6 C:\Program Files\xampp\htdocs\reporting\system\CodeIgniter.php(934): App\Controllers\Home->action()
#7 C:\Program Files\xampp\htdocs\reporting\system\CodeIgniter.php(499): CodeIgniter\CodeIgniter->runController(Object(App\Controllers\Home))
#8 C:\Program Files\xampp\htdocs\reporting\system\CodeIgniter.php(368): CodeIgniter\CodeIgniter->handleRequest(NULL, Object(Config\Cache), false)
#9 C:\Program Files\xampp\htdocs\reporting\public\index.php(67): CodeIgniter\CodeIgniter->run()
#10 C:\Program Files\xampp\htdocs\reporting\system\Commands\Server\rewrite.php(47): require_once('C:\\Program File...')
#11 {main}
CRITICAL - 2023-03-30 22:55:46 --> pg_query(): Query failed: ERROR:  syntax error at or near &quot;;&quot;
LINE 1: ...tinct org_id, org_name from master_structure where dep_id =;
                                                                      ^
in SYSTEMPATH\Database\Postgre\Connection.php on line 147.
 1 [internal function]: CodeIgniter\Debug\Exceptions->errorHandler(2, 'pg_query(): Query failed: ERROR:  syntax error at or near &quot;;&quot;
LINE 1: ...tinct org_id, org_name from master_structure where dep_id =;
                                                                      ^', 'C:\\Program Files\\xampp\\htdocs\\reporting\\system\\Database\\Postgre\\Connection.php', 147)
 2 SYSTEMPATH\Database\Postgre\Connection.php(147): pg_query(Object(PgSql\Connection), 'select distinct org_id, org_name from master_structure where dep_id =;')
 3 SYSTEMPATH\Database\BaseConnection.php(691): CodeIgniter\Database\Postgre\Connection->execute('select distinct org_id, org_name from master_structure where dep_id =;')
 4 SYSTEMPATH\Database\BaseConnection.php(605): CodeIgniter\Database\BaseConnection->simpleQuery('select distinct org_id, org_name from master_structure where dep_id =;')
 5 APPPATH\Models\MasterStructureModel.php(30): CodeIgniter\Database\BaseConnection->query('select distinct org_id, org_name from master_structure where dep_id =;')
 6 APPPATH\Controllers\Home.php(45): App\Models\MasterStructureModel->getOrganisation(null)
 7 SYSTEMPATH\CodeIgniter.php(934): App\Controllers\Home->action()
 8 SYSTEMPATH\CodeIgniter.php(499): CodeIgniter\CodeIgniter->runController(Object(App\Controllers\Home))
 9 SYSTEMPATH\CodeIgniter.php(368): CodeIgniter\CodeIgniter->handleRequest(null, Object(Config\Cache), false)
10 FCPATH\index.php(67): CodeIgniter\CodeIgniter->run()
11 SYSTEMPATH\Commands\Server\rewrite.php(47): require_once('C:\\Program Files\\xampp\\htdocs\\reporting\\public\\index.php')
ERROR - 2023-03-30 23:00:32 --> ErrorException: pg_query(): Query failed: ERROR:  syntax error at or near &quot;;&quot;
LINE 1: ...tinct org_id, org_name from master_structure where dep_id =;
                                                                      ^ in C:\Program Files\xampp\htdocs\reporting\system\Database\Postgre\Connection.php:147
Stack trace:
#0 [internal function]: CodeIgniter\Debug\Exceptions->errorHandler(2, 'pg_query(): Que...', 'C:\\Program File...', 147)
#1 C:\Program Files\xampp\htdocs\reporting\system\Database\Postgre\Connection.php(147): pg_query(Object(PgSql\Connection), 'select distinct...')
#2 C:\Program Files\xampp\htdocs\reporting\system\Database\BaseConnection.php(691): CodeIgniter\Database\Postgre\Connection->execute('select distinct...')
#3 C:\Program Files\xampp\htdocs\reporting\system\Database\BaseConnection.php(605): CodeIgniter\Database\BaseConnection->simpleQuery('select distinct...')
#4 C:\Program Files\xampp\htdocs\reporting\app\Models\MasterStructureModel.php(30): CodeIgniter\Database\BaseConnection->query('select distinct...')
#5 C:\Program Files\xampp\htdocs\reporting\app\Controllers\Home.php(45): App\Models\MasterStructureModel->getOrganisation(NULL)
#6 C:\Program Files\xampp\htdocs\reporting\system\CodeIgniter.php(934): App\Controllers\Home->action()
#7 C:\Program Files\xampp\htdocs\reporting\system\CodeIgniter.php(499): CodeIgniter\CodeIgniter->runController(Object(App\Controllers\Home))
#8 C:\Program Files\xampp\htdocs\reporting\system\CodeIgniter.php(368): CodeIgniter\CodeIgniter->handleRequest(NULL, Object(Config\Cache), false)
#9 C:\Program Files\xampp\htdocs\reporting\public\index.php(67): CodeIgniter\CodeIgniter->run()
#10 C:\Program Files\xampp\htdocs\reporting\system\Commands\Server\rewrite.php(47): require_once('C:\\Program File...')
#11 {main}
CRITICAL - 2023-03-30 23:00:32 --> pg_query(): Query failed: ERROR:  syntax error at or near &quot;;&quot;
LINE 1: ...tinct org_id, org_name from master_structure where dep_id =;
                                                                      ^
in SYSTEMPATH\Database\Postgre\Connection.php on line 147.
 1 [internal function]: CodeIgniter\Debug\Exceptions->errorHandler(2, 'pg_query(): Query failed: ERROR:  syntax error at or near &quot;;&quot;
LINE 1: ...tinct org_id, org_name from master_structure where dep_id =;
                                                                      ^', 'C:\\Program Files\\xampp\\htdocs\\reporting\\system\\Database\\Postgre\\Connection.php', 147)
 2 SYSTEMPATH\Database\Postgre\Connection.php(147): pg_query(Object(PgSql\Connection), 'select distinct org_id, org_name from master_structure where dep_id =;')
 3 SYSTEMPATH\Database\BaseConnection.php(691): CodeIgniter\Database\Postgre\Connection->execute('select distinct org_id, org_name from master_structure where dep_id =;')
 4 SYSTEMPATH\Database\BaseConnection.php(605): CodeIgniter\Database\BaseConnection->simpleQuery('select distinct org_id, org_name from master_structure where dep_id =;')
 5 APPPATH\Models\MasterStructureModel.php(30): CodeIgniter\Database\BaseConnection->query('select distinct org_id, org_name from master_structure where dep_id =;')
 6 APPPATH\Controllers\Home.php(45): App\Models\MasterStructureModel->getOrganisation(null)
 7 SYSTEMPATH\CodeIgniter.php(934): App\Controllers\Home->action()
 8 SYSTEMPATH\CodeIgniter.php(499): CodeIgniter\CodeIgniter->runController(Object(App\Controllers\Home))
 9 SYSTEMPATH\CodeIgniter.php(368): CodeIgniter\CodeIgniter->handleRequest(null, Object(Config\Cache), false)
10 FCPATH\index.php(67): CodeIgniter\CodeIgniter->run()
11 SYSTEMPATH\Commands\Server\rewrite.php(47): require_once('C:\\Program Files\\xampp\\htdocs\\reporting\\public\\index.php')
ERROR - 2023-03-30 23:00:47 --> ErrorException: pg_query(): Query failed: ERROR:  syntax error at or near &quot;;&quot;
LINE 1: ...tinct org_id, org_name from master_structure where dep_id =;
                                                                      ^ in C:\Program Files\xampp\htdocs\reporting\system\Database\Postgre\Connection.php:147
Stack trace:
#0 [internal function]: CodeIgniter\Debug\Exceptions->errorHandler(2, 'pg_query(): Que...', 'C:\\Program File...', 147)
#1 C:\Program Files\xampp\htdocs\reporting\system\Database\Postgre\Connection.php(147): pg_query(Object(PgSql\Connection), 'select distinct...')
#2 C:\Program Files\xampp\htdocs\reporting\system\Database\BaseConnection.php(691): CodeIgniter\Database\Postgre\Connection->execute('select distinct...')
#3 C:\Program Files\xampp\htdocs\reporting\system\Database\BaseConnection.php(605): CodeIgniter\Database\BaseConnection->simpleQuery('select distinct...')
#4 C:\Program Files\xampp\htdocs\reporting\app\Models\MasterStructureModel.php(30): CodeIgniter\Database\BaseConnection->query('select distinct...')
#5 C:\Program Files\xampp\htdocs\reporting\app\Controllers\Home.php(45): App\Models\MasterStructureModel->getOrganisation(NULL)
#6 C:\Program Files\xampp\htdocs\reporting\system\CodeIgniter.php(934): App\Controllers\Home->action()
#7 C:\Program Files\xampp\htdocs\reporting\system\CodeIgniter.php(499): CodeIgniter\CodeIgniter->runController(Object(App\Controllers\Home))
#8 C:\Program Files\xampp\htdocs\reporting\system\CodeIgniter.php(368): CodeIgniter\CodeIgniter->handleRequest(NULL, Object(Config\Cache), false)
#9 C:\Program Files\xampp\htdocs\reporting\public\index.php(67): CodeIgniter\CodeIgniter->run()
#10 C:\Program Files\xampp\htdocs\reporting\system\Commands\Server\rewrite.php(47): require_once('C:\\Program File...')
#11 {main}
CRITICAL - 2023-03-30 23:00:47 --> pg_query(): Query failed: ERROR:  syntax error at or near &quot;;&quot;
LINE 1: ...tinct org_id, org_name from master_structure where dep_id =;
                                                                      ^
in SYSTEMPATH\Database\Postgre\Connection.php on line 147.
 1 [internal function]: CodeIgniter\Debug\Exceptions->errorHandler(2, 'pg_query(): Query failed: ERROR:  syntax error at or near &quot;;&quot;
LINE 1: ...tinct org_id, org_name from master_structure where dep_id =;
                                                                      ^', 'C:\\Program Files\\xampp\\htdocs\\reporting\\system\\Database\\Postgre\\Connection.php', 147)
 2 SYSTEMPATH\Database\Postgre\Connection.php(147): pg_query(Object(PgSql\Connection), 'select distinct org_id, org_name from master_structure where dep_id =;')
 3 SYSTEMPATH\Database\BaseConnection.php(691): CodeIgniter\Database\Postgre\Connection->execute('select distinct org_id, org_name from master_structure where dep_id =;')
 4 SYSTEMPATH\Database\BaseConnection.php(605): CodeIgniter\Database\BaseConnection->simpleQuery('select distinct org_id, org_name from master_structure where dep_id =;')
 5 APPPATH\Models\MasterStructureModel.php(30): CodeIgniter\Database\BaseConnection->query('select distinct org_id, org_name from master_structure where dep_id =;')
 6 APPPATH\Controllers\Home.php(45): App\Models\MasterStructureModel->getOrganisation(null)
 7 SYSTEMPATH\CodeIgniter.php(934): App\Controllers\Home->action()
 8 SYSTEMPATH\CodeIgniter.php(499): CodeIgniter\CodeIgniter->runController(Object(App\Controllers\Home))
 9 SYSTEMPATH\CodeIgniter.php(368): CodeIgniter\CodeIgniter->handleRequest(null, Object(Config\Cache), false)
10 FCPATH\index.php(67): CodeIgniter\CodeIgniter->run()
11 SYSTEMPATH\Commands\Server\rewrite.php(47): require_once('C:\\Program Files\\xampp\\htdocs\\reporting\\public\\index.php')
ERROR - 2023-03-30 23:00:54 --> ErrorException: pg_query(): Query failed: ERROR:  syntax error at or near &quot;;&quot;
LINE 1: ...tinct org_id, org_name from master_structure where dep_id =;
                                                                      ^ in C:\Program Files\xampp\htdocs\reporting\system\Database\Postgre\Connection.php:147
Stack trace:
#0 [internal function]: CodeIgniter\Debug\Exceptions->errorHandler(2, 'pg_query(): Que...', 'C:\\Program File...', 147)
#1 C:\Program Files\xampp\htdocs\reporting\system\Database\Postgre\Connection.php(147): pg_query(Object(PgSql\Connection), 'select distinct...')
#2 C:\Program Files\xampp\htdocs\reporting\system\Database\BaseConnection.php(691): CodeIgniter\Database\Postgre\Connection->execute('select distinct...')
#3 C:\Program Files\xampp\htdocs\reporting\system\Database\BaseConnection.php(605): CodeIgniter\Database\BaseConnection->simpleQuery('select distinct...')
#4 C:\Program Files\xampp\htdocs\reporting\app\Models\MasterStructureModel.php(30): CodeIgniter\Database\BaseConnection->query('select distinct...')
#5 C:\Program Files\xampp\htdocs\reporting\app\Controllers\Home.php(45): App\Models\MasterStructureModel->getOrganisation(NULL)
#6 C:\Program Files\xampp\htdocs\reporting\system\CodeIgniter.php(934): App\Controllers\Home->action()
#7 C:\Program Files\xampp\htdocs\reporting\system\CodeIgniter.php(499): CodeIgniter\CodeIgniter->runController(Object(App\Controllers\Home))
#8 C:\Program Files\xampp\htdocs\reporting\system\CodeIgniter.php(368): CodeIgniter\CodeIgniter->handleRequest(NULL, Object(Config\Cache), false)
#9 C:\Program Files\xampp\htdocs\reporting\public\index.php(67): CodeIgniter\CodeIgniter->run()
#10 C:\Program Files\xampp\htdocs\reporting\system\Commands\Server\rewrite.php(47): require_once('C:\\Program File...')
#11 {main}
CRITICAL - 2023-03-30 23:00:54 --> pg_query(): Query failed: ERROR:  syntax error at or near &quot;;&quot;
LINE 1: ...tinct org_id, org_name from master_structure where dep_id =;
                                                                      ^
in SYSTEMPATH\Database\Postgre\Connection.php on line 147.
 1 [internal function]: CodeIgniter\Debug\Exceptions->errorHandler(2, 'pg_query(): Query failed: ERROR:  syntax error at or near &quot;;&quot;
LINE 1: ...tinct org_id, org_name from master_structure where dep_id =;
                                                                      ^', 'C:\\Program Files\\xampp\\htdocs\\reporting\\system\\Database\\Postgre\\Connection.php', 147)
 2 SYSTEMPATH\Database\Postgre\Connection.php(147): pg_query(Object(PgSql\Connection), 'select distinct org_id, org_name from master_structure where dep_id =;')
 3 SYSTEMPATH\Database\BaseConnection.php(691): CodeIgniter\Database\Postgre\Connection->execute('select distinct org_id, org_name from master_structure where dep_id =;')
 4 SYSTEMPATH\Database\BaseConnection.php(605): CodeIgniter\Database\BaseConnection->simpleQuery('select distinct org_id, org_name from master_structure where dep_id =;')
 5 APPPATH\Models\MasterStructureModel.php(30): CodeIgniter\Database\BaseConnection->query('select distinct org_id, org_name from master_structure where dep_id =;')
 6 APPPATH\Controllers\Home.php(45): App\Models\MasterStructureModel->getOrganisation(null)
 7 SYSTEMPATH\CodeIgniter.php(934): App\Controllers\Home->action()
 8 SYSTEMPATH\CodeIgniter.php(499): CodeIgniter\CodeIgniter->runController(Object(App\Controllers\Home))
 9 SYSTEMPATH\CodeIgniter.php(368): CodeIgniter\CodeIgniter->handleRequest(null, Object(Config\Cache), false)
10 FCPATH\index.php(67): CodeIgniter\CodeIgniter->run()
11 SYSTEMPATH\Commands\Server\rewrite.php(47): require_once('C:\\Program Files\\xampp\\htdocs\\reporting\\public\\index.php')
ERROR - 2023-03-30 23:02:03 --> ErrorException: pg_query(): Query failed: ERROR:  operator does not exist: text = integer
LINE 1: ...org_id, org_name from master_structure where dep_id =125641;
                                                               ^
HINT:  No operator matches the given name and argument types. You might need to add explicit type casts. in C:\Program Files\xampp\htdocs\reporting\system\Database\Postgre\Connection.php:147
Stack trace:
#0 [internal function]: CodeIgniter\Debug\Exceptions->errorHandler(2, 'pg_query(): Que...', 'C:\\Program File...', 147)
#1 C:\Program Files\xampp\htdocs\reporting\system\Database\Postgre\Connection.php(147): pg_query(Object(PgSql\Connection), 'select distinct...')
#2 C:\Program Files\xampp\htdocs\reporting\system\Database\BaseConnection.php(691): CodeIgniter\Database\Postgre\Connection->execute('select distinct...')
#3 C:\Program Files\xampp\htdocs\reporting\system\Database\BaseConnection.php(605): CodeIgniter\Database\BaseConnection->simpleQuery('select distinct...')
#4 C:\Program Files\xampp\htdocs\reporting\app\Models\MasterStructureModel.php(30): CodeIgniter\Database\BaseConnection->query('select distinct...')
#5 C:\Program Files\xampp\htdocs\reporting\app\Controllers\Home.php(45): App\Models\MasterStructureModel->getOrganisation('125641')
#6 C:\Program Files\xampp\htdocs\reporting\system\CodeIgniter.php(934): App\Controllers\Home->action()
#7 C:\Program Files\xampp\htdocs\reporting\system\CodeIgniter.php(499): CodeIgniter\CodeIgniter->runController(Object(App\Controllers\Home))
#8 C:\Program Files\xampp\htdocs\reporting\system\CodeIgniter.php(368): CodeIgniter\CodeIgniter->handleRequest(NULL, Object(Config\Cache), false)
#9 C:\Program Files\xampp\htdocs\reporting\public\index.php(67): CodeIgniter\CodeIgniter->run()
#10 C:\Program Files\xampp\htdocs\reporting\system\Commands\Server\rewrite.php(47): require_once('C:\\Program File...')
#11 {main}
CRITICAL - 2023-03-30 23:02:03 --> pg_query(): Query failed: ERROR:  operator does not exist: text = integer
LINE 1: ...org_id, org_name from master_structure where dep_id =125641;
                                                               ^
HINT:  No operator matches the given name and argument types. You might need to add explicit type casts.
in SYSTEMPATH\Database\Postgre\Connection.php on line 147.
 1 [internal function]: CodeIgniter\Debug\Exceptions->errorHandler(2, 'pg_query(): Query failed: ERROR:  operator does not exist: text = integer
LINE 1: ...org_id, org_name from master_structure where dep_id =125641;
                                                               ^
HINT:  No operator matches the given name and argument types. You might need to add explicit type casts.', 'C:\\Program Files\\xampp\\htdocs\\reporting\\system\\Database\\Postgre\\Connection.php', 147)
 2 SYSTEMPATH\Database\Postgre\Connection.php(147): pg_query(Object(PgSql\Connection), 'select distinct org_id, org_name from master_structure where dep_id =125641;')
 3 SYSTEMPATH\Database\BaseConnection.php(691): CodeIgniter\Database\Postgre\Connection->execute('select distinct org_id, org_name from master_structure where dep_id =125641;')
 4 SYSTEMPATH\Database\BaseConnection.php(605): CodeIgniter\Database\BaseConnection->simpleQuery('select distinct org_id, org_name from master_structure where dep_id =125641;')
 5 APPPATH\Models\MasterStructureModel.php(30): CodeIgniter\Database\BaseConnection->query('select distinct org_id, org_name from master_structure where dep_id =125641;')
 6 APPPATH\Controllers\Home.php(45): App\Models\MasterStructureModel->getOrganisation('125641')
 7 SYSTEMPATH\CodeIgniter.php(934): App\Controllers\Home->action()
 8 SYSTEMPATH\CodeIgniter.php(499): CodeIgniter\CodeIgniter->runController(Object(App\Controllers\Home))
 9 SYSTEMPATH\CodeIgniter.php(368): CodeIgniter\CodeIgniter->handleRequest(null, Object(Config\Cache), false)
10 FCPATH\index.php(67): CodeIgniter\CodeIgniter->run()
11 SYSTEMPATH\Commands\Server\rewrite.php(47): require_once('C:\\Program Files\\xampp\\htdocs\\reporting\\public\\index.php')
ERROR - 2023-03-30 23:03:46 --> ErrorException: pg_query(): Query failed: ERROR:  syntax error at or near &quot;\&quot;
LINE 1: ..._id, org_name from master_structure where dep_id =\&quot;127440\&quot;...
                                                             ^ in C:\Program Files\xampp\htdocs\reporting\system\Database\Postgre\Connection.php:147
Stack trace:
#0 [internal function]: CodeIgniter\Debug\Exceptions->errorHandler(2, 'pg_query(): Que...', 'C:\\Program File...', 147)
#1 C:\Program Files\xampp\htdocs\reporting\system\Database\Postgre\Connection.php(147): pg_query(Object(PgSql\Connection), 'select distinct...')
#2 C:\Program Files\xampp\htdocs\reporting\system\Database\BaseConnection.php(691): CodeIgniter\Database\Postgre\Connection->execute('select distinct...')
#3 C:\Program Files\xampp\htdocs\reporting\system\Database\BaseConnection.php(605): CodeIgniter\Database\BaseConnection->simpleQuery('select distinct...')
#4 C:\Program Files\xampp\htdocs\reporting\app\Models\MasterStructureModel.php(30): CodeIgniter\Database\BaseConnection->query('select distinct...')
#5 C:\Program Files\xampp\htdocs\reporting\app\Controllers\Home.php(45): App\Models\MasterStructureModel->getOrganisation('127440')
#6 C:\Program Files\xampp\htdocs\reporting\system\CodeIgniter.php(934): App\Controllers\Home->action()
#7 C:\Program Files\xampp\htdocs\reporting\system\CodeIgniter.php(499): CodeIgniter\CodeIgniter->runController(Object(App\Controllers\Home))
#8 C:\Program Files\xampp\htdocs\reporting\system\CodeIgniter.php(368): CodeIgniter\CodeIgniter->handleRequest(NULL, Object(Config\Cache), false)
#9 C:\Program Files\xampp\htdocs\reporting\public\index.php(67): CodeIgniter\CodeIgniter->run()
#10 C:\Program Files\xampp\htdocs\reporting\system\Commands\Server\rewrite.php(47): require_once('C:\\Program File...')
#11 {main}
CRITICAL - 2023-03-30 23:03:46 --> pg_query(): Query failed: ERROR:  syntax error at or near &quot;\&quot;
LINE 1: ..._id, org_name from master_structure where dep_id =\&quot;127440\&quot;...
                                                             ^
in SYSTEMPATH\Database\Postgre\Connection.php on line 147.
 1 [internal function]: CodeIgniter\Debug\Exceptions->errorHandler(2, 'pg_query(): Query failed: ERROR:  syntax error at or near &quot;\\&quot;
LINE 1: ..._id, org_name from master_structure where dep_id =\\&quot;127440\\&quot;...
                                                             ^', 'C:\\Program Files\\xampp\\htdocs\\reporting\\system\\Database\\Postgre\\Connection.php', 147)
 2 SYSTEMPATH\Database\Postgre\Connection.php(147): pg_query(Object(PgSql\Connection), 'select distinct org_id, org_name from master_structure where dep_id =\\"127440\\";')
 3 SYSTEMPATH\Database\BaseConnection.php(691): CodeIgniter\Database\Postgre\Connection->execute('select distinct org_id, org_name from master_structure where dep_id =\\"127440\\";')
 4 SYSTEMPATH\Database\BaseConnection.php(605): CodeIgniter\Database\BaseConnection->simpleQuery('select distinct org_id, org_name from master_structure where dep_id =\\"127440\\";')
 5 APPPATH\Models\MasterStructureModel.php(30): CodeIgniter\Database\BaseConnection->query('select distinct org_id, org_name from master_structure where dep_id =\\"127440\\";')
 6 APPPATH\Controllers\Home.php(45): App\Models\MasterStructureModel->getOrganisation('127440')
 7 SYSTEMPATH\CodeIgniter.php(934): App\Controllers\Home->action()
 8 SYSTEMPATH\CodeIgniter.php(499): CodeIgniter\CodeIgniter->runController(Object(App\Controllers\Home))
 9 SYSTEMPATH\CodeIgniter.php(368): CodeIgniter\CodeIgniter->handleRequest(null, Object(Config\Cache), false)
10 FCPATH\index.php(67): CodeIgniter\CodeIgniter->run()
11 SYSTEMPATH\Commands\Server\rewrite.php(47): require_once('C:\\Program Files\\xampp\\htdocs\\reporting\\public\\index.php')
CRITICAL - 2023-03-30 23:11:59 --> Undefined property: App\Controllers\Home::$input
in APPPATH\Controllers\Home.php on line 79.
 1 APPPATH\Controllers\Home.php(79): CodeIgniter\Debug\Exceptions->errorHandler(2, 'Undefined property: App\\Controllers\\Home::$input', 'C:\\Program Files\\xampp\\htdocs\\reporting\\app\\Controllers\\Home.php', 79)
 2 SYSTEMPATH\CodeIgniter.php(934): App\Controllers\Home->getCourseReport()
 3 SYSTEMPATH\CodeIgniter.php(499): CodeIgniter\CodeIgniter->runController(Object(App\Controllers\Home))
 4 SYSTEMPATH\CodeIgniter.php(368): CodeIgniter\CodeIgniter->handleRequest(null, Object(Config\Cache), false)
 5 FCPATH\index.php(67): CodeIgniter\CodeIgniter->run()
 6 SYSTEMPATH\Commands\Server\rewrite.php(47): require_once('C:\\Program Files\\xampp\\htdocs\\reporting\\public\\index.php')
CRITICAL - 2023-03-30 23:14:34 --> Call to undefined method CodeIgniter\HTTP\IncomingRequest::post()
in APPPATH\Controllers\Home.php on line 79.
 1 SYSTEMPATH\CodeIgniter.php(934): App\Controllers\Home->getCourseReport()
 2 SYSTEMPATH\CodeIgniter.php(499): CodeIgniter\CodeIgniter->runController(Object(App\Controllers\Home))
 3 SYSTEMPATH\CodeIgniter.php(368): CodeIgniter\CodeIgniter->handleRequest(null, Object(Config\Cache), false)
 4 FCPATH\index.php(67): CodeIgniter\CodeIgniter->run()
 5 SYSTEMPATH\Commands\Server\rewrite.php(47): require_once('C:\\Program Files\\xampp\\htdocs\\reporting\\public\\index.php')
ERROR - 2023-03-30 23:25:54 --> ErrorException: pg_query(): Query failed: ERROR:  column &quot;do_11359618144357580811&quot; does not exist
LINE 5:            AND course_id = do_11359618144357580811
                                   ^ in C:\Program Files\xampp\htdocs\reporting\system\Database\Postgre\Connection.php:147
Stack trace:
#0 [internal function]: CodeIgniter\Debug\Exceptions->errorHandler(2, 'pg_query(): Que...', 'C:\\Program File...', 147)
#1 C:\Program Files\xampp\htdocs\reporting\system\Database\Postgre\Connection.php(147): pg_query(Object(PgSql\Connection), 'SELECT concat(f...')
#2 C:\Program Files\xampp\htdocs\reporting\system\Database\BaseConnection.php(691): CodeIgniter\Database\Postgre\Connection->execute('SELECT concat(f...')
#3 C:\Program Files\xampp\htdocs\reporting\system\Database\BaseConnection.php(605): CodeIgniter\Database\BaseConnection->simpleQuery('SELECT concat(f...')
#4 C:\Program Files\xampp\htdocs\reporting\app\Models\UserEnrolmentCourse.php(16): CodeIgniter\Database\BaseConnection->query('SELECT concat(f...')
#5 C:\Program Files\xampp\htdocs\reporting\app\Controllers\Home.php(103): App\Models\UserEnrolmentCourse->getCourseWiseEnrolmentReport('do_113596181443...')
#6 C:\Program Files\xampp\htdocs\reporting\app\Controllers\Home.php(83): App\Controllers\Home->getCourseWiseEnrolmentReport('do_113596181443...')
#7 C:\Program Files\xampp\htdocs\reporting\system\CodeIgniter.php(934): App\Controllers\Home->getCourseReport()
#8 C:\Program Files\xampp\htdocs\reporting\system\CodeIgniter.php(499): CodeIgniter\CodeIgniter->runController(Object(App\Controllers\Home))
#9 C:\Program Files\xampp\htdocs\reporting\system\CodeIgniter.php(368): CodeIgniter\CodeIgniter->handleRequest(NULL, Object(Config\Cache), false)
#10 C:\Program Files\xampp\htdocs\reporting\public\index.php(67): CodeIgniter\CodeIgniter->run()
#11 C:\Program Files\xampp\htdocs\reporting\system\Commands\Server\rewrite.php(47): require_once('C:\\Program File...')
#12 {main}
CRITICAL - 2023-03-30 23:25:54 --> pg_query(): Query failed: ERROR:  column &quot;do_11359618144357580811&quot; does not exist
LINE 5:            AND course_id = do_11359618144357580811
                                   ^
in SYSTEMPATH\Database\Postgre\Connection.php on line 147.
 1 [internal function]: CodeIgniter\Debug\Exceptions->errorHandler(2, 'pg_query(): Query failed: ERROR:  column &quot;do_11359618144357580811&quot; does not exist
LINE 5:            AND course_id = do_11359618144357580811
                                   ^', 'C:\\Program Files\\xampp\\htdocs\\reporting\\system\\Database\\Postgre\\Connection.php', 147)
 2 SYSTEMPATH\Database\Postgre\Connection.php(147): pg_query(Object(PgSql\Connection), 'SELECT concat(first_name,\' \',last_name) as name, designation,org_name,email_id, status,
       completion_percentage,completed_on
           FROM public.master_user, public.user_enrolment_course
           where master_user.user_id = user_enrolment_course.user_id 
           AND course_id = do_11359618144357580811
           order by name')
 3 SYSTEMPATH\Database\BaseConnection.php(691): CodeIgniter\Database\Postgre\Connection->execute('SELECT concat(first_name,\' \',last_name) as name, designation,org_name,email_id, status,
       completion_percentage,completed_on
           FROM public.master_user, public.user_enrolment_course
           where master_user.user_id = user_enrolment_course.user_id 
           AND course_id = do_11359618144357580811
           order by name')
 4 SYSTEMPATH\Database\BaseConnection.php(605): CodeIgniter\Database\BaseConnection->simpleQuery('SELECT concat(first_name,\' \',last_name) as name, designation,org_name,email_id, status,
       completion_percentage,completed_on
           FROM public.master_user, public.user_enrolment_course
           where master_user.user_id = user_enrolment_course.user_id 
           AND course_id = do_11359618144357580811
           order by name')
 5 APPPATH\Models\UserEnrolmentCourse.php(16): CodeIgniter\Database\BaseConnection->query('SELECT concat(first_name,\' \',last_name) as name, designation,org_name,email_id, status,
       completion_percentage,completed_on
           FROM public.master_user, public.user_enrolment_course
           where master_user.user_id = user_enrolment_course.user_id 
           AND course_id = do_11359618144357580811
           order by name')
 6 APPPATH\Controllers\Home.php(103): App\Models\UserEnrolmentCourse->getCourseWiseEnrolmentReport('do_11359618144357580811')
 7 APPPATH\Controllers\Home.php(83): App\Controllers\Home->getCourseWiseEnrolmentReport('do_11359618144357580811')
 8 SYSTEMPATH\CodeIgniter.php(934): App\Controllers\Home->getCourseReport()
 9 SYSTEMPATH\CodeIgniter.php(499): CodeIgniter\CodeIgniter->runController(Object(App\Controllers\Home))
10 SYSTEMPATH\CodeIgniter.php(368): CodeIgniter\CodeIgniter->handleRequest(null, Object(Config\Cache), false)
11 FCPATH\index.php(67): CodeIgniter\CodeIgniter->run()
12 SYSTEMPATH\Commands\Server\rewrite.php(47): require_once('C:\\Program Files\\xampp\\htdocs\\reporting\\public\\index.php')
ERROR - 2023-03-30 23:26:30 --> ErrorException: pg_query(): Query failed: ERROR:  column &quot;do_11359618144357580811&quot; does not exist
LINE 5:            AND course_id = do_11359618144357580811
                                   ^ in C:\Program Files\xampp\htdocs\reporting\system\Database\Postgre\Connection.php:147
Stack trace:
#0 [internal function]: CodeIgniter\Debug\Exceptions->errorHandler(2, 'pg_query(): Que...', 'C:\\Program File...', 147)
#1 C:\Program Files\xampp\htdocs\reporting\system\Database\Postgre\Connection.php(147): pg_query(Object(PgSql\Connection), 'SELECT concat(f...')
#2 C:\Program Files\xampp\htdocs\reporting\system\Database\BaseConnection.php(691): CodeIgniter\Database\Postgre\Connection->execute('SELECT concat(f...')
#3 C:\Program Files\xampp\htdocs\reporting\system\Database\BaseConnection.php(605): CodeIgniter\Database\BaseConnection->simpleQuery('SELECT concat(f...')
#4 C:\Program Files\xampp\htdocs\reporting\app\Models\UserEnrolmentCourse.php(16): CodeIgniter\Database\BaseConnection->query('SELECT concat(f...')
#5 C:\Program Files\xampp\htdocs\reporting\app\Controllers\Home.php(103): App\Models\UserEnrolmentCourse->getCourseWiseEnrolmentReport('do_113596181443...')
#6 C:\Program Files\xampp\htdocs\reporting\app\Controllers\Home.php(83): App\Controllers\Home->getCourseWiseEnrolmentReport('do_113596181443...')
#7 C:\Program Files\xampp\htdocs\reporting\system\CodeIgniter.php(934): App\Controllers\Home->getCourseReport()
#8 C:\Program Files\xampp\htdocs\reporting\system\CodeIgniter.php(499): CodeIgniter\CodeIgniter->runController(Object(App\Controllers\Home))
#9 C:\Program Files\xampp\htdocs\reporting\system\CodeIgniter.php(368): CodeIgniter\CodeIgniter->handleRequest(NULL, Object(Config\Cache), false)
#10 C:\Program Files\xampp\htdocs\reporting\public\index.php(67): CodeIgniter\CodeIgniter->run()
#11 C:\Program Files\xampp\htdocs\reporting\system\Commands\Server\rewrite.php(47): require_once('C:\\Program File...')
#12 {main}
CRITICAL - 2023-03-30 23:26:30 --> pg_query(): Query failed: ERROR:  column &quot;do_11359618144357580811&quot; does not exist
LINE 5:            AND course_id = do_11359618144357580811
                                   ^
in SYSTEMPATH\Database\Postgre\Connection.php on line 147.
 1 [internal function]: CodeIgniter\Debug\Exceptions->errorHandler(2, 'pg_query(): Query failed: ERROR:  column &quot;do_11359618144357580811&quot; does not exist
LINE 5:            AND course_id = do_11359618144357580811
                                   ^', 'C:\\Program Files\\xampp\\htdocs\\reporting\\system\\Database\\Postgre\\Connection.php', 147)
 2 SYSTEMPATH\Database\Postgre\Connection.php(147): pg_query(Object(PgSql\Connection), 'SELECT concat(first_name,\' \',last_name) as name, designation,org_name,email_id, status,
       completion_percentage,completed_on
           FROM public.master_user, public.user_enrolment_course
           where master_user.user_id = user_enrolment_course.user_id 
           AND course_id = do_11359618144357580811
           order by name')
 3 SYSTEMPATH\Database\BaseConnection.php(691): CodeIgniter\Database\Postgre\Connection->execute('SELECT concat(first_name,\' \',last_name) as name, designation,org_name,email_id, status,
       completion_percentage,completed_on
           FROM public.master_user, public.user_enrolment_course
           where master_user.user_id = user_enrolment_course.user_id 
           AND course_id = do_11359618144357580811
           order by name')
 4 SYSTEMPATH\Database\BaseConnection.php(605): CodeIgniter\Database\BaseConnection->simpleQuery('SELECT concat(first_name,\' \',last_name) as name, designation,org_name,email_id, status,
       completion_percentage,completed_on
           FROM public.master_user, public.user_enrolment_course
           where master_user.user_id = user_enrolment_course.user_id 
           AND course_id = do_11359618144357580811
           order by name')
 5 APPPATH\Models\UserEnrolmentCourse.php(16): CodeIgniter\Database\BaseConnection->query('SELECT concat(first_name,\' \',last_name) as name, designation,org_name,email_id, status,
       completion_percentage,completed_on
           FROM public.master_user, public.user_enrolment_course
           where master_user.user_id = user_enrolment_course.user_id 
           AND course_id = do_11359618144357580811
           order by name')
 6 APPPATH\Controllers\Home.php(103): App\Models\UserEnrolmentCourse->getCourseWiseEnrolmentReport('do_11359618144357580811')
 7 APPPATH\Controllers\Home.php(83): App\Controllers\Home->getCourseWiseEnrolmentReport('do_11359618144357580811')
 8 SYSTEMPATH\CodeIgniter.php(934): App\Controllers\Home->getCourseReport()
 9 SYSTEMPATH\CodeIgniter.php(499): CodeIgniter\CodeIgniter->runController(Object(App\Controllers\Home))
10 SYSTEMPATH\CodeIgniter.php(368): CodeIgniter\CodeIgniter->handleRequest(null, Object(Config\Cache), false)
11 FCPATH\index.php(67): CodeIgniter\CodeIgniter->run()
12 SYSTEMPATH\Commands\Server\rewrite.php(47): require_once('C:\\Program Files\\xampp\\htdocs\\reporting\\public\\index.php')
