CRITICAL - 2023-03-29 00:35:54 --> The framework needs the following extension(s) installed and loaded: intl.
in SYSTEMPATH\CodeIgniter.php on line 226.
 1 SYSTEMPATH\CodeIgniter.php(226): CodeIgniter\Exceptions\FrameworkException::forMissingExtension('intl')
 2 SYSTEMPATH\CodeIgniter.php(190): CodeIgniter\CodeIgniter->resolvePlatformExtensions()
 3 ROOTPATH\spark(83): CodeIgniter\CodeIgniter->initialize()
ERROR - 2023-03-29 00:28:11 --> Error connecting to the database: Error: Call to undefined function CodeIgniter\Database\Postgre\pg_connect() in C:\Program Files\xampp\htdocs\reporting\system\Database\Postgre\Connection.php:75
Stack trace:
#0 C:\Program Files\xampp\htdocs\reporting\system\Database\BaseConnection.php(391): CodeIgniter\Database\Postgre\Connection->connect(false)
#1 C:\Program Files\xampp\htdocs\reporting\system\Database\BaseConnection.php(688): CodeIgniter\Database\BaseConnection->initialize()
#2 C:\Program Files\xampp\htdocs\reporting\app\Controllers\Home.php(5): CodeIgniter\Database\BaseConnection->simpleQuery('select * from p...')
#3 C:\Program Files\xampp\htdocs\reporting\system\Autoloader\Autoloader.php(312): include_once('C:\\Program File...')
#4 C:\Program Files\xampp\htdocs\reporting\system\Autoloader\Autoloader.php(289): CodeIgniter\Autoloader\Autoloader->includeFile('C:\\Program File...')
#5 C:\Program Files\xampp\htdocs\reporting\system\Autoloader\Autoloader.php(267): CodeIgniter\Autoloader\Autoloader->loadInNamespace('App\\Controllers...')
#6 [internal function]: CodeIgniter\Autoloader\Autoloader->loadClass('App\\Controllers...')
#7 C:\Program Files\xampp\htdocs\reporting\system\CodeIgniter.php(892): class_exists('\\App\\Controller...', true)
#8 C:\Program Files\xampp\htdocs\reporting\system\CodeIgniter.php(486): CodeIgniter\CodeIgniter->startController()
#9 C:\Program Files\xampp\htdocs\reporting\system\CodeIgniter.php(368): CodeIgniter\CodeIgniter->handleRequest(NULL, Object(Config\Cache), false)
#10 C:\Program Files\xampp\htdocs\reporting\public\index.php(67): CodeIgniter\CodeIgniter->run()
#11 C:\Program Files\xampp\htdocs\reporting\system\Commands\Server\rewrite.php(47): require_once('C:\\Program File...')
#12 {main}
CRITICAL - 2023-03-29 00:28:11 --> Unable to connect to the database.
Main connection [Postgre]: Call to undefined function CodeIgniter\Database\Postgre\pg_connect()
in SYSTEMPATH\Database\BaseConnection.php on line 427.
 1 SYSTEMPATH\Database\BaseConnection.php(688): CodeIgniter\Database\BaseConnection->initialize()
 2 APPPATH\Controllers\Home.php(5): CodeIgniter\Database\BaseConnection->simpleQuery('select * from public.user_master')
 3 SYSTEMPATH\Autoloader\Autoloader.php(312): include_once('C:\\Program Files\\xampp\\htdocs\\reporting\\app\\Controllers\\Home.php')
 4 SYSTEMPATH\Autoloader\Autoloader.php(289): CodeIgniter\Autoloader\Autoloader->includeFile('C:\\Program Files\\xampp\\htdocs\\reporting\\app\\Controllers\\Home.php')
 5 SYSTEMPATH\Autoloader\Autoloader.php(267): CodeIgniter\Autoloader\Autoloader->loadInNamespace('App\\Controllers\\Home')
 6 [internal function]: CodeIgniter\Autoloader\Autoloader->loadClass('App\\Controllers\\Home')
 7 SYSTEMPATH\CodeIgniter.php(892): class_exists('\\App\\Controllers\\Home', true)
 8 SYSTEMPATH\CodeIgniter.php(486): CodeIgniter\CodeIgniter->startController()
 9 SYSTEMPATH\CodeIgniter.php(368): CodeIgniter\CodeIgniter->handleRequest(null, Object(Config\Cache), false)
10 FCPATH\index.php(67): CodeIgniter\CodeIgniter->run()
11 SYSTEMPATH\Commands\Server\rewrite.php(47): require_once('C:\\Program Files\\xampp\\htdocs\\reporting\\public\\index.php')
ERROR - 2023-03-29 00:30:38 --> Error connecting to the database: Error: Call to undefined function CodeIgniter\Database\Postgre\pg_connect() in C:\Program Files\xampp\htdocs\reporting\system\Database\Postgre\Connection.php:75
Stack trace:
#0 C:\Program Files\xampp\htdocs\reporting\system\Database\BaseConnection.php(391): CodeIgniter\Database\Postgre\Connection->connect(false)
#1 C:\Program Files\xampp\htdocs\reporting\system\Database\BaseConnection.php(688): CodeIgniter\Database\BaseConnection->initialize()
#2 C:\Program Files\xampp\htdocs\reporting\app\Controllers\Home.php(5): CodeIgniter\Database\BaseConnection->simpleQuery('select * from p...')
#3 C:\Program Files\xampp\htdocs\reporting\system\Autoloader\Autoloader.php(312): include_once('C:\\Program File...')
#4 C:\Program Files\xampp\htdocs\reporting\system\Autoloader\Autoloader.php(289): CodeIgniter\Autoloader\Autoloader->includeFile('C:\\Program File...')
#5 C:\Program Files\xampp\htdocs\reporting\system\Autoloader\Autoloader.php(267): CodeIgniter\Autoloader\Autoloader->loadInNamespace('App\\Controllers...')
#6 [internal function]: CodeIgniter\Autoloader\Autoloader->loadClass('App\\Controllers...')
#7 C:\Program Files\xampp\htdocs\reporting\system\CodeIgniter.php(892): class_exists('\\App\\Controller...', true)
#8 C:\Program Files\xampp\htdocs\reporting\system\CodeIgniter.php(486): CodeIgniter\CodeIgniter->startController()
#9 C:\Program Files\xampp\htdocs\reporting\system\CodeIgniter.php(368): CodeIgniter\CodeIgniter->handleRequest(NULL, Object(Config\Cache), false)
#10 C:\Program Files\xampp\htdocs\reporting\public\index.php(67): CodeIgniter\CodeIgniter->run()
#11 C:\Program Files\xampp\htdocs\reporting\system\Commands\Server\rewrite.php(47): require_once('C:\\Program File...')
#12 {main}
CRITICAL - 2023-03-29 00:30:38 --> Unable to connect to the database.
Main connection [Postgre]: Call to undefined function CodeIgniter\Database\Postgre\pg_connect()
in SYSTEMPATH\Database\BaseConnection.php on line 427.
 1 SYSTEMPATH\Database\BaseConnection.php(688): CodeIgniter\Database\BaseConnection->initialize()
 2 APPPATH\Controllers\Home.php(5): CodeIgniter\Database\BaseConnection->simpleQuery('select * from public.user_master')
 3 SYSTEMPATH\Autoloader\Autoloader.php(312): include_once('C:\\Program Files\\xampp\\htdocs\\reporting\\app\\Controllers\\Home.php')
 4 SYSTEMPATH\Autoloader\Autoloader.php(289): CodeIgniter\Autoloader\Autoloader->includeFile('C:\\Program Files\\xampp\\htdocs\\reporting\\app\\Controllers\\Home.php')
 5 SYSTEMPATH\Autoloader\Autoloader.php(267): CodeIgniter\Autoloader\Autoloader->loadInNamespace('App\\Controllers\\Home')
 6 [internal function]: CodeIgniter\Autoloader\Autoloader->loadClass('App\\Controllers\\Home')
 7 SYSTEMPATH\CodeIgniter.php(892): class_exists('\\App\\Controllers\\Home', true)
 8 SYSTEMPATH\CodeIgniter.php(486): CodeIgniter\CodeIgniter->startController()
 9 SYSTEMPATH\CodeIgniter.php(368): CodeIgniter\CodeIgniter->handleRequest(null, Object(Config\Cache), false)
10 FCPATH\index.php(67): CodeIgniter\CodeIgniter->run()
11 SYSTEMPATH\Commands\Server\rewrite.php(47): require_once('C:\\Program Files\\xampp\\htdocs\\reporting\\public\\index.php')
ERROR - 2023-03-29 00:32:22 --> Error connecting to the database: Error: Call to undefined function CodeIgniter\Database\Postgre\pg_connect() in C:\Program Files\xampp\htdocs\reporting\system\Database\Postgre\Connection.php:75
Stack trace:
#0 C:\Program Files\xampp\htdocs\reporting\system\Database\BaseConnection.php(391): CodeIgniter\Database\Postgre\Connection->connect(false)
#1 C:\Program Files\xampp\htdocs\reporting\system\Database\BaseConnection.php(688): CodeIgniter\Database\BaseConnection->initialize()
#2 C:\Program Files\xampp\htdocs\reporting\app\Controllers\Home.php(5): CodeIgniter\Database\BaseConnection->simpleQuery('select * from p...')
#3 C:\Program Files\xampp\htdocs\reporting\system\Autoloader\Autoloader.php(312): include_once('C:\\Program File...')
#4 C:\Program Files\xampp\htdocs\reporting\system\Autoloader\Autoloader.php(289): CodeIgniter\Autoloader\Autoloader->includeFile('C:\\Program File...')
#5 C:\Program Files\xampp\htdocs\reporting\system\Autoloader\Autoloader.php(267): CodeIgniter\Autoloader\Autoloader->loadInNamespace('App\\Controllers...')
#6 [internal function]: CodeIgniter\Autoloader\Autoloader->loadClass('App\\Controllers...')
#7 C:\Program Files\xampp\htdocs\reporting\system\CodeIgniter.php(892): class_exists('\\App\\Controller...', true)
#8 C:\Program Files\xampp\htdocs\reporting\system\CodeIgniter.php(486): CodeIgniter\CodeIgniter->startController()
#9 C:\Program Files\xampp\htdocs\reporting\system\CodeIgniter.php(368): CodeIgniter\CodeIgniter->handleRequest(NULL, Object(Config\Cache), false)
#10 C:\Program Files\xampp\htdocs\reporting\public\index.php(67): CodeIgniter\CodeIgniter->run()
#11 C:\Program Files\xampp\htdocs\reporting\system\Commands\Server\rewrite.php(47): require_once('C:\\Program File...')
#12 {main}
CRITICAL - 2023-03-29 00:32:22 --> Unable to connect to the database.
Main connection [Postgre]: Call to undefined function CodeIgniter\Database\Postgre\pg_connect()
in SYSTEMPATH\Database\BaseConnection.php on line 427.
 1 SYSTEMPATH\Database\BaseConnection.php(688): CodeIgniter\Database\BaseConnection->initialize()
 2 APPPATH\Controllers\Home.php(5): CodeIgniter\Database\BaseConnection->simpleQuery('select * from public.user_master')
 3 SYSTEMPATH\Autoloader\Autoloader.php(312): include_once('C:\\Program Files\\xampp\\htdocs\\reporting\\app\\Controllers\\Home.php')
 4 SYSTEMPATH\Autoloader\Autoloader.php(289): CodeIgniter\Autoloader\Autoloader->includeFile('C:\\Program Files\\xampp\\htdocs\\reporting\\app\\Controllers\\Home.php')
 5 SYSTEMPATH\Autoloader\Autoloader.php(267): CodeIgniter\Autoloader\Autoloader->loadInNamespace('App\\Controllers\\Home')
 6 [internal function]: CodeIgniter\Autoloader\Autoloader->loadClass('App\\Controllers\\Home')
 7 SYSTEMPATH\CodeIgniter.php(892): class_exists('\\App\\Controllers\\Home', true)
 8 SYSTEMPATH\CodeIgniter.php(486): CodeIgniter\CodeIgniter->startController()
 9 SYSTEMPATH\CodeIgniter.php(368): CodeIgniter\CodeIgniter->handleRequest(null, Object(Config\Cache), false)
10 FCPATH\index.php(67): CodeIgniter\CodeIgniter->run()
11 SYSTEMPATH\Commands\Server\rewrite.php(47): require_once('C:\\Program Files\\xampp\\htdocs\\reporting\\public\\index.php')
ERROR - 2023-03-29 00:33:39 --> Error connecting to the database: Error: Call to undefined function CodeIgniter\Database\Postgre\pg_connect() in C:\Program Files\xampp\htdocs\reporting\system\Database\Postgre\Connection.php:75
Stack trace:
#0 C:\Program Files\xampp\htdocs\reporting\system\Database\BaseConnection.php(391): CodeIgniter\Database\Postgre\Connection->connect(false)
#1 C:\Program Files\xampp\htdocs\reporting\system\Database\BaseConnection.php(573): CodeIgniter\Database\BaseConnection->initialize()
#2 C:\Program Files\xampp\htdocs\reporting\app\Controllers\Home.php(5): CodeIgniter\Database\BaseConnection->query('select * from p...')
#3 C:\Program Files\xampp\htdocs\reporting\system\Autoloader\Autoloader.php(312): include_once('C:\\Program File...')
#4 C:\Program Files\xampp\htdocs\reporting\system\Autoloader\Autoloader.php(289): CodeIgniter\Autoloader\Autoloader->includeFile('C:\\Program File...')
#5 C:\Program Files\xampp\htdocs\reporting\system\Autoloader\Autoloader.php(267): CodeIgniter\Autoloader\Autoloader->loadInNamespace('App\\Controllers...')
#6 [internal function]: CodeIgniter\Autoloader\Autoloader->loadClass('App\\Controllers...')
#7 C:\Program Files\xampp\htdocs\reporting\system\CodeIgniter.php(892): class_exists('\\App\\Controller...', true)
#8 C:\Program Files\xampp\htdocs\reporting\system\CodeIgniter.php(486): CodeIgniter\CodeIgniter->startController()
#9 C:\Program Files\xampp\htdocs\reporting\system\CodeIgniter.php(368): CodeIgniter\CodeIgniter->handleRequest(NULL, Object(Config\Cache), false)
#10 C:\Program Files\xampp\htdocs\reporting\public\index.php(67): CodeIgniter\CodeIgniter->run()
#11 C:\Program Files\xampp\htdocs\reporting\system\Commands\Server\rewrite.php(47): require_once('C:\\Program File...')
#12 {main}
CRITICAL - 2023-03-29 00:33:39 --> Unable to connect to the database.
Main connection [Postgre]: Call to undefined function CodeIgniter\Database\Postgre\pg_connect()
in SYSTEMPATH\Database\BaseConnection.php on line 427.
 1 SYSTEMPATH\Database\BaseConnection.php(573): CodeIgniter\Database\BaseConnection->initialize()
 2 APPPATH\Controllers\Home.php(5): CodeIgniter\Database\BaseConnection->query('select * from public.user_master')
 3 SYSTEMPATH\Autoloader\Autoloader.php(312): include_once('C:\\Program Files\\xampp\\htdocs\\reporting\\app\\Controllers\\Home.php')
 4 SYSTEMPATH\Autoloader\Autoloader.php(289): CodeIgniter\Autoloader\Autoloader->includeFile('C:\\Program Files\\xampp\\htdocs\\reporting\\app\\Controllers\\Home.php')
 5 SYSTEMPATH\Autoloader\Autoloader.php(267): CodeIgniter\Autoloader\Autoloader->loadInNamespace('App\\Controllers\\Home')
 6 [internal function]: CodeIgniter\Autoloader\Autoloader->loadClass('App\\Controllers\\Home')
 7 SYSTEMPATH\CodeIgniter.php(892): class_exists('\\App\\Controllers\\Home', true)
 8 SYSTEMPATH\CodeIgniter.php(486): CodeIgniter\CodeIgniter->startController()
 9 SYSTEMPATH\CodeIgniter.php(368): CodeIgniter\CodeIgniter->handleRequest(null, Object(Config\Cache), false)
10 FCPATH\index.php(67): CodeIgniter\CodeIgniter->run()
11 SYSTEMPATH\Commands\Server\rewrite.php(47): require_once('C:\\Program Files\\xampp\\htdocs\\reporting\\public\\index.php')
ERROR - 2023-03-29 00:34:03 --> Error connecting to the database: Error: Call to undefined function CodeIgniter\Database\Postgre\pg_connect() in C:\Program Files\xampp\htdocs\reporting\system\Database\Postgre\Connection.php:75
Stack trace:
#0 C:\Program Files\xampp\htdocs\reporting\system\Database\BaseConnection.php(391): CodeIgniter\Database\Postgre\Connection->connect(false)
#1 C:\Program Files\xampp\htdocs\reporting\system\Database\BaseConnection.php(688): CodeIgniter\Database\BaseConnection->initialize()
#2 C:\Program Files\xampp\htdocs\reporting\app\Controllers\Home.php(5): CodeIgniter\Database\BaseConnection->simpleQuery('select * from p...')
#3 C:\Program Files\xampp\htdocs\reporting\system\Autoloader\Autoloader.php(312): include_once('C:\\Program File...')
#4 C:\Program Files\xampp\htdocs\reporting\system\Autoloader\Autoloader.php(289): CodeIgniter\Autoloader\Autoloader->includeFile('C:\\Program File...')
#5 C:\Program Files\xampp\htdocs\reporting\system\Autoloader\Autoloader.php(267): CodeIgniter\Autoloader\Autoloader->loadInNamespace('App\\Controllers...')
#6 [internal function]: CodeIgniter\Autoloader\Autoloader->loadClass('App\\Controllers...')
#7 C:\Program Files\xampp\htdocs\reporting\system\CodeIgniter.php(892): class_exists('\\App\\Controller...', true)
#8 C:\Program Files\xampp\htdocs\reporting\system\CodeIgniter.php(486): CodeIgniter\CodeIgniter->startController()
#9 C:\Program Files\xampp\htdocs\reporting\system\CodeIgniter.php(368): CodeIgniter\CodeIgniter->handleRequest(NULL, Object(Config\Cache), false)
#10 C:\Program Files\xampp\htdocs\reporting\public\index.php(67): CodeIgniter\CodeIgniter->run()
#11 C:\Program Files\xampp\htdocs\reporting\system\Commands\Server\rewrite.php(47): require_once('C:\\Program File...')
#12 {main}
CRITICAL - 2023-03-29 00:34:03 --> Unable to connect to the database.
Main connection [Postgre]: Call to undefined function CodeIgniter\Database\Postgre\pg_connect()
in SYSTEMPATH\Database\BaseConnection.php on line 427.
 1 SYSTEMPATH\Database\BaseConnection.php(688): CodeIgniter\Database\BaseConnection->initialize()
 2 APPPATH\Controllers\Home.php(5): CodeIgniter\Database\BaseConnection->simpleQuery('select * from public.user_master')
 3 SYSTEMPATH\Autoloader\Autoloader.php(312): include_once('C:\\Program Files\\xampp\\htdocs\\reporting\\app\\Controllers\\Home.php')
 4 SYSTEMPATH\Autoloader\Autoloader.php(289): CodeIgniter\Autoloader\Autoloader->includeFile('C:\\Program Files\\xampp\\htdocs\\reporting\\app\\Controllers\\Home.php')
 5 SYSTEMPATH\Autoloader\Autoloader.php(267): CodeIgniter\Autoloader\Autoloader->loadInNamespace('App\\Controllers\\Home')
 6 [internal function]: CodeIgniter\Autoloader\Autoloader->loadClass('App\\Controllers\\Home')
 7 SYSTEMPATH\CodeIgniter.php(892): class_exists('\\App\\Controllers\\Home', true)
 8 SYSTEMPATH\CodeIgniter.php(486): CodeIgniter\CodeIgniter->startController()
 9 SYSTEMPATH\CodeIgniter.php(368): CodeIgniter\CodeIgniter->handleRequest(null, Object(Config\Cache), false)
10 FCPATH\index.php(67): CodeIgniter\CodeIgniter->run()
11 SYSTEMPATH\Commands\Server\rewrite.php(47): require_once('C:\\Program Files\\xampp\\htdocs\\reporting\\public\\index.php')
ERROR - 2023-03-29 00:39:10 --> Error connecting to the database: Error: Call to undefined function CodeIgniter\Database\Postgre\pg_connect() in C:\Program Files\xampp\htdocs\reporting\system\Database\Postgre\Connection.php:75
Stack trace:
#0 C:\Program Files\xampp\htdocs\reporting\system\Database\BaseConnection.php(391): CodeIgniter\Database\Postgre\Connection->connect(false)
#1 C:\Program Files\xampp\htdocs\reporting\system\Database\BaseConnection.php(688): CodeIgniter\Database\BaseConnection->initialize()
#2 C:\Program Files\xampp\htdocs\reporting\app\Controllers\Home.php(5): CodeIgniter\Database\BaseConnection->simpleQuery('select * from p...')
#3 C:\Program Files\xampp\htdocs\reporting\system\Autoloader\Autoloader.php(312): include_once('C:\\Program File...')
#4 C:\Program Files\xampp\htdocs\reporting\system\Autoloader\Autoloader.php(289): CodeIgniter\Autoloader\Autoloader->includeFile('C:\\Program File...')
#5 C:\Program Files\xampp\htdocs\reporting\system\Autoloader\Autoloader.php(267): CodeIgniter\Autoloader\Autoloader->loadInNamespace('App\\Controllers...')
#6 [internal function]: CodeIgniter\Autoloader\Autoloader->loadClass('App\\Controllers...')
#7 C:\Program Files\xampp\htdocs\reporting\system\CodeIgniter.php(892): class_exists('\\App\\Controller...', true)
#8 C:\Program Files\xampp\htdocs\reporting\system\CodeIgniter.php(486): CodeIgniter\CodeIgniter->startController()
#9 C:\Program Files\xampp\htdocs\reporting\system\CodeIgniter.php(368): CodeIgniter\CodeIgniter->handleRequest(NULL, Object(Config\Cache), false)
#10 C:\Program Files\xampp\htdocs\reporting\public\index.php(67): CodeIgniter\CodeIgniter->run()
#11 {main}
CRITICAL - 2023-03-29 00:39:10 --> Unable to connect to the database.
Main connection [Postgre]: Call to undefined function CodeIgniter\Database\Postgre\pg_connect()
in SYSTEMPATH\Database\BaseConnection.php on line 427.
 1 SYSTEMPATH\Database\BaseConnection.php(688): CodeIgniter\Database\BaseConnection->initialize()
 2 APPPATH\Controllers\Home.php(5): CodeIgniter\Database\BaseConnection->simpleQuery('select * from public.user_master')
 3 SYSTEMPATH\Autoloader\Autoloader.php(312): include_once('C:\\Program Files\\xampp\\htdocs\\reporting\\app\\Controllers\\Home.php')
 4 SYSTEMPATH\Autoloader\Autoloader.php(289): CodeIgniter\Autoloader\Autoloader->includeFile('C:\\Program Files\\xampp\\htdocs\\reporting\\app\\Controllers\\Home.php')
 5 SYSTEMPATH\Autoloader\Autoloader.php(267): CodeIgniter\Autoloader\Autoloader->loadInNamespace('App\\Controllers\\Home')
 6 [internal function]: CodeIgniter\Autoloader\Autoloader->loadClass('App\\Controllers\\Home')
 7 SYSTEMPATH\CodeIgniter.php(892): class_exists('\\App\\Controllers\\Home', true)
 8 SYSTEMPATH\CodeIgniter.php(486): CodeIgniter\CodeIgniter->startController()
 9 SYSTEMPATH\CodeIgniter.php(368): CodeIgniter\CodeIgniter->handleRequest(null, Object(Config\Cache), false)
10 FCPATH\index.php(67): CodeIgniter\CodeIgniter->run()
ERROR - 2023-03-29 00:41:19 --> Error connecting to the database: Error: Call to undefined function CodeIgniter\Database\Postgre\pg_connect() in C:\Program Files\xampp\htdocs\reporting\system\Database\Postgre\Connection.php:75
Stack trace:
#0 C:\Program Files\xampp\htdocs\reporting\system\Database\BaseConnection.php(391): CodeIgniter\Database\Postgre\Connection->connect(false)
#1 C:\Program Files\xampp\htdocs\reporting\system\Database\BaseConnection.php(688): CodeIgniter\Database\BaseConnection->initialize()
#2 C:\Program Files\xampp\htdocs\reporting\app\Controllers\Home.php(5): CodeIgniter\Database\BaseConnection->simpleQuery('select * from p...')
#3 C:\Program Files\xampp\htdocs\reporting\system\Autoloader\Autoloader.php(312): include_once('C:\\Program File...')
#4 C:\Program Files\xampp\htdocs\reporting\system\Autoloader\Autoloader.php(289): CodeIgniter\Autoloader\Autoloader->includeFile('C:\\Program File...')
#5 C:\Program Files\xampp\htdocs\reporting\system\Autoloader\Autoloader.php(267): CodeIgniter\Autoloader\Autoloader->loadInNamespace('App\\Controllers...')
#6 [internal function]: CodeIgniter\Autoloader\Autoloader->loadClass('App\\Controllers...')
#7 C:\Program Files\xampp\htdocs\reporting\system\CodeIgniter.php(892): class_exists('\\App\\Controller...', true)
#8 C:\Program Files\xampp\htdocs\reporting\system\CodeIgniter.php(486): CodeIgniter\CodeIgniter->startController()
#9 C:\Program Files\xampp\htdocs\reporting\system\CodeIgniter.php(368): CodeIgniter\CodeIgniter->handleRequest(NULL, Object(Config\Cache), false)
#10 C:\Program Files\xampp\htdocs\reporting\public\index.php(67): CodeIgniter\CodeIgniter->run()
#11 {main}
CRITICAL - 2023-03-29 00:41:19 --> Unable to connect to the database.
Main connection [Postgre]: Call to undefined function CodeIgniter\Database\Postgre\pg_connect()
in SYSTEMPATH\Database\BaseConnection.php on line 427.
 1 SYSTEMPATH\Database\BaseConnection.php(688): CodeIgniter\Database\BaseConnection->initialize()
 2 APPPATH\Controllers\Home.php(5): CodeIgniter\Database\BaseConnection->simpleQuery('select * from public.user_master')
 3 SYSTEMPATH\Autoloader\Autoloader.php(312): include_once('C:\\Program Files\\xampp\\htdocs\\reporting\\app\\Controllers\\Home.php')
 4 SYSTEMPATH\Autoloader\Autoloader.php(289): CodeIgniter\Autoloader\Autoloader->includeFile('C:\\Program Files\\xampp\\htdocs\\reporting\\app\\Controllers\\Home.php')
 5 SYSTEMPATH\Autoloader\Autoloader.php(267): CodeIgniter\Autoloader\Autoloader->loadInNamespace('App\\Controllers\\Home')
 6 [internal function]: CodeIgniter\Autoloader\Autoloader->loadClass('App\\Controllers\\Home')
 7 SYSTEMPATH\CodeIgniter.php(892): class_exists('\\App\\Controllers\\Home', true)
 8 SYSTEMPATH\CodeIgniter.php(486): CodeIgniter\CodeIgniter->startController()
 9 SYSTEMPATH\CodeIgniter.php(368): CodeIgniter\CodeIgniter->handleRequest(null, Object(Config\Cache), false)
10 FCPATH\index.php(67): CodeIgniter\CodeIgniter->run()
ERROR - 2023-03-29 00:41:33 --> Error connecting to the database: ErrorException: pg_connect(): Unable to connect to PostgreSQL server: invalid sslmode value: &quot;1&quot; in C:\Program Files\xampp\htdocs\reporting\system\Database\Postgre\Connection.php:75
Stack trace:
#0 [internal function]: CodeIgniter\Debug\Exceptions->errorHandler(2, 'pg_connect(): U...', 'C:\\Program File...', 75)
#1 C:\Program Files\xampp\htdocs\reporting\system\Database\Postgre\Connection.php(75): pg_connect('host=localhost ...')
#2 C:\Program Files\xampp\htdocs\reporting\system\Database\BaseConnection.php(391): CodeIgniter\Database\Postgre\Connection->connect(false)
#3 C:\Program Files\xampp\htdocs\reporting\system\Database\BaseConnection.php(688): CodeIgniter\Database\BaseConnection->initialize()
#4 C:\Program Files\xampp\htdocs\reporting\app\Controllers\Home.php(5): CodeIgniter\Database\BaseConnection->simpleQuery('select * from p...')
#5 C:\Program Files\xampp\htdocs\reporting\system\Autoloader\Autoloader.php(312): include_once('C:\\Program File...')
#6 C:\Program Files\xampp\htdocs\reporting\system\Autoloader\Autoloader.php(289): CodeIgniter\Autoloader\Autoloader->includeFile('C:\\Program File...')
#7 C:\Program Files\xampp\htdocs\reporting\system\Autoloader\Autoloader.php(267): CodeIgniter\Autoloader\Autoloader->loadInNamespace('App\\Controllers...')
#8 [internal function]: CodeIgniter\Autoloader\Autoloader->loadClass('App\\Controllers...')
#9 C:\Program Files\xampp\htdocs\reporting\system\CodeIgniter.php(892): class_exists('\\App\\Controller...', true)
#10 C:\Program Files\xampp\htdocs\reporting\system\CodeIgniter.php(486): CodeIgniter\CodeIgniter->startController()
#11 C:\Program Files\xampp\htdocs\reporting\system\CodeIgniter.php(368): CodeIgniter\CodeIgniter->handleRequest(NULL, Object(Config\Cache), false)
#12 C:\Program Files\xampp\htdocs\reporting\public\index.php(67): CodeIgniter\CodeIgniter->run()
#13 {main}
CRITICAL - 2023-03-29 00:41:33 --> Unable to connect to the database.
Main connection [Postgre]: pg_connect(): Unable to connect to PostgreSQL server: invalid sslmode value: &quot;1&quot;
in SYSTEMPATH\Database\BaseConnection.php on line 427.
 1 SYSTEMPATH\Database\BaseConnection.php(688): CodeIgniter\Database\BaseConnection->initialize()
 2 APPPATH\Controllers\Home.php(5): CodeIgniter\Database\BaseConnection->simpleQuery('select * from public.user_master')
 3 SYSTEMPATH\Autoloader\Autoloader.php(312): include_once('C:\\Program Files\\xampp\\htdocs\\reporting\\app\\Controllers\\Home.php')
 4 SYSTEMPATH\Autoloader\Autoloader.php(289): CodeIgniter\Autoloader\Autoloader->includeFile('C:\\Program Files\\xampp\\htdocs\\reporting\\app\\Controllers\\Home.php')
 5 SYSTEMPATH\Autoloader\Autoloader.php(267): CodeIgniter\Autoloader\Autoloader->loadInNamespace('App\\Controllers\\Home')
 6 [internal function]: CodeIgniter\Autoloader\Autoloader->loadClass('App\\Controllers\\Home')
 7 SYSTEMPATH\CodeIgniter.php(892): class_exists('\\App\\Controllers\\Home', true)
 8 SYSTEMPATH\CodeIgniter.php(486): CodeIgniter\CodeIgniter->startController()
 9 SYSTEMPATH\CodeIgniter.php(368): CodeIgniter\CodeIgniter->handleRequest(null, Object(Config\Cache), false)
10 FCPATH\index.php(67): CodeIgniter\CodeIgniter->run()
ERROR - 2023-03-29 00:41:35 --> Error connecting to the database: ErrorException: pg_connect(): Unable to connect to PostgreSQL server: invalid sslmode value: &quot;1&quot; in C:\Program Files\xampp\htdocs\reporting\system\Database\Postgre\Connection.php:75
Stack trace:
#0 [internal function]: CodeIgniter\Debug\Exceptions->errorHandler(2, 'pg_connect(): U...', 'C:\\Program File...', 75)
#1 C:\Program Files\xampp\htdocs\reporting\system\Database\Postgre\Connection.php(75): pg_connect('host=localhost ...')
#2 C:\Program Files\xampp\htdocs\reporting\system\Database\BaseConnection.php(391): CodeIgniter\Database\Postgre\Connection->connect(false)
#3 C:\Program Files\xampp\htdocs\reporting\system\Database\BaseConnection.php(688): CodeIgniter\Database\BaseConnection->initialize()
#4 C:\Program Files\xampp\htdocs\reporting\app\Controllers\Home.php(5): CodeIgniter\Database\BaseConnection->simpleQuery('select * from p...')
#5 C:\Program Files\xampp\htdocs\reporting\system\Autoloader\Autoloader.php(312): include_once('C:\\Program File...')
#6 C:\Program Files\xampp\htdocs\reporting\system\Autoloader\Autoloader.php(289): CodeIgniter\Autoloader\Autoloader->includeFile('C:\\Program File...')
#7 C:\Program Files\xampp\htdocs\reporting\system\Autoloader\Autoloader.php(267): CodeIgniter\Autoloader\Autoloader->loadInNamespace('App\\Controllers...')
#8 [internal function]: CodeIgniter\Autoloader\Autoloader->loadClass('App\\Controllers...')
#9 C:\Program Files\xampp\htdocs\reporting\system\CodeIgniter.php(892): class_exists('\\App\\Controller...', true)
#10 C:\Program Files\xampp\htdocs\reporting\system\CodeIgniter.php(486): CodeIgniter\CodeIgniter->startController()
#11 C:\Program Files\xampp\htdocs\reporting\system\CodeIgniter.php(368): CodeIgniter\CodeIgniter->handleRequest(NULL, Object(Config\Cache), false)
#12 C:\Program Files\xampp\htdocs\reporting\public\index.php(67): CodeIgniter\CodeIgniter->run()
#13 {main}
CRITICAL - 2023-03-29 00:41:35 --> Unable to connect to the database.
Main connection [Postgre]: pg_connect(): Unable to connect to PostgreSQL server: invalid sslmode value: &quot;1&quot;
in SYSTEMPATH\Database\BaseConnection.php on line 427.
 1 SYSTEMPATH\Database\BaseConnection.php(688): CodeIgniter\Database\BaseConnection->initialize()
 2 APPPATH\Controllers\Home.php(5): CodeIgniter\Database\BaseConnection->simpleQuery('select * from public.user_master')
 3 SYSTEMPATH\Autoloader\Autoloader.php(312): include_once('C:\\Program Files\\xampp\\htdocs\\reporting\\app\\Controllers\\Home.php')
 4 SYSTEMPATH\Autoloader\Autoloader.php(289): CodeIgniter\Autoloader\Autoloader->includeFile('C:\\Program Files\\xampp\\htdocs\\reporting\\app\\Controllers\\Home.php')
 5 SYSTEMPATH\Autoloader\Autoloader.php(267): CodeIgniter\Autoloader\Autoloader->loadInNamespace('App\\Controllers\\Home')
 6 [internal function]: CodeIgniter\Autoloader\Autoloader->loadClass('App\\Controllers\\Home')
 7 SYSTEMPATH\CodeIgniter.php(892): class_exists('\\App\\Controllers\\Home', true)
 8 SYSTEMPATH\CodeIgniter.php(486): CodeIgniter\CodeIgniter->startController()
 9 SYSTEMPATH\CodeIgniter.php(368): CodeIgniter\CodeIgniter->handleRequest(null, Object(Config\Cache), false)
10 FCPATH\index.php(67): CodeIgniter\CodeIgniter->run()
ERROR - 2023-03-29 00:48:35 --> Error connecting to the database: ErrorException: mysqli::real_connect(): Error while reading greeting packet. PID=14660 in C:\Program Files\xampp\htdocs\reporting\system\Database\MySQLi\Connection.php:173
Stack trace:
#0 [internal function]: CodeIgniter\Debug\Exceptions->errorHandler(2, 'mysqli::real_co...', 'C:\\Program File...', 173)
#1 C:\Program Files\xampp\htdocs\reporting\system\Database\MySQLi\Connection.php(173): mysqli->real_connect('localhost', 'root', Object(SensitiveParameterValue), '', 5432, '', 0)
#2 C:\Program Files\xampp\htdocs\reporting\system\Database\BaseConnection.php(391): CodeIgniter\Database\MySQLi\Connection->connect(false)
#3 C:\Program Files\xampp\htdocs\reporting\system\Database\BaseConnection.php(688): CodeIgniter\Database\BaseConnection->initialize()
#4 C:\Program Files\xampp\htdocs\reporting\app\Controllers\Home.php(5): CodeIgniter\Database\BaseConnection->simpleQuery('select * from p...')
#5 C:\Program Files\xampp\htdocs\reporting\system\Autoloader\Autoloader.php(312): include_once('C:\\Program File...')
#6 C:\Program Files\xampp\htdocs\reporting\system\Autoloader\Autoloader.php(289): CodeIgniter\Autoloader\Autoloader->includeFile('C:\\Program File...')
#7 C:\Program Files\xampp\htdocs\reporting\system\Autoloader\Autoloader.php(267): CodeIgniter\Autoloader\Autoloader->loadInNamespace('App\\Controllers...')
#8 [internal function]: CodeIgniter\Autoloader\Autoloader->loadClass('App\\Controllers...')
#9 C:\Program Files\xampp\htdocs\reporting\system\CodeIgniter.php(892): class_exists('\\App\\Controller...', true)
#10 C:\Program Files\xampp\htdocs\reporting\system\CodeIgniter.php(486): CodeIgniter\CodeIgniter->startController()
#11 C:\Program Files\xampp\htdocs\reporting\system\CodeIgniter.php(368): CodeIgniter\CodeIgniter->handleRequest(NULL, Object(Config\Cache), false)
#12 C:\Program Files\xampp\htdocs\reporting\public\index.php(67): CodeIgniter\CodeIgniter->run()
#13 {main}

Next mysqli_sql_exception: MySQL server has gone away in C:\Program Files\xampp\htdocs\reporting\system\Database\MySQLi\Connection.php:173
Stack trace:
#0 C:\Program Files\xampp\htdocs\reporting\system\Database\MySQLi\Connection.php(173): mysqli->real_connect('localhost', 'root', Object(SensitiveParameterValue), '', 5432, '', 0)
#1 C:\Program Files\xampp\htdocs\reporting\system\Database\BaseConnection.php(391): CodeIgniter\Database\MySQLi\Connection->connect(false)
#2 C:\Program Files\xampp\htdocs\reporting\system\Database\BaseConnection.php(688): CodeIgniter\Database\BaseConnection->initialize()
#3 C:\Program Files\xampp\htdocs\reporting\app\Controllers\Home.php(5): CodeIgniter\Database\BaseConnection->simpleQuery('select * from p...')
#4 C:\Program Files\xampp\htdocs\reporting\system\Autoloader\Autoloader.php(312): include_once('C:\\Program File...')
#5 C:\Program Files\xampp\htdocs\reporting\system\Autoloader\Autoloader.php(289): CodeIgniter\Autoloader\Autoloader->includeFile('C:\\Program File...')
#6 C:\Program Files\xampp\htdocs\reporting\system\Autoloader\Autoloader.php(267): CodeIgniter\Autoloader\Autoloader->loadInNamespace('App\\Controllers...')
#7 [internal function]: CodeIgniter\Autoloader\Autoloader->loadClass('App\\Controllers...')
#8 C:\Program Files\xampp\htdocs\reporting\system\CodeIgniter.php(892): class_exists('\\App\\Controller...', true)
#9 C:\Program Files\xampp\htdocs\reporting\system\CodeIgniter.php(486): CodeIgniter\CodeIgniter->startController()
#10 C:\Program Files\xampp\htdocs\reporting\system\CodeIgniter.php(368): CodeIgniter\CodeIgniter->handleRequest(NULL, Object(Config\Cache), false)
#11 C:\Program Files\xampp\htdocs\reporting\public\index.php(67): CodeIgniter\CodeIgniter->run()
#12 {main}

Next CodeIgniter\Database\Exceptions\DatabaseException: MySQL server has gone away in C:\Program Files\xampp\htdocs\reporting\system\Database\MySQLi\Connection.php:218
Stack trace:
#0 C:\Program Files\xampp\htdocs\reporting\system\Database\BaseConnection.php(391): CodeIgniter\Database\MySQLi\Connection->connect(false)
#1 C:\Program Files\xampp\htdocs\reporting\system\Database\BaseConnection.php(688): CodeIgniter\Database\BaseConnection->initialize()
#2 C:\Program Files\xampp\htdocs\reporting\app\Controllers\Home.php(5): CodeIgniter\Database\BaseConnection->simpleQuery('select * from p...')
#3 C:\Program Files\xampp\htdocs\reporting\system\Autoloader\Autoloader.php(312): include_once('C:\\Program File...')
#4 C:\Program Files\xampp\htdocs\reporting\system\Autoloader\Autoloader.php(289): CodeIgniter\Autoloader\Autoloader->includeFile('C:\\Program File...')
#5 C:\Program Files\xampp\htdocs\reporting\system\Autoloader\Autoloader.php(267): CodeIgniter\Autoloader\Autoloader->loadInNamespace('App\\Controllers...')
#6 [internal function]: CodeIgniter\Autoloader\Autoloader->loadClass('App\\Controllers...')
#7 C:\Program Files\xampp\htdocs\reporting\system\CodeIgniter.php(892): class_exists('\\App\\Controller...', true)
#8 C:\Program Files\xampp\htdocs\reporting\system\CodeIgniter.php(486): CodeIgniter\CodeIgniter->startController()
#9 C:\Program Files\xampp\htdocs\reporting\system\CodeIgniter.php(368): CodeIgniter\CodeIgniter->handleRequest(NULL, Object(Config\Cache), false)
#10 C:\Program Files\xampp\htdocs\reporting\public\index.php(67): CodeIgniter\CodeIgniter->run()
#11 {main}
CRITICAL - 2023-03-29 00:48:35 --> Unable to connect to the database.
Main connection [MySQLi]: MySQL server has gone away
in SYSTEMPATH\Database\BaseConnection.php on line 427.
 1 SYSTEMPATH\Database\BaseConnection.php(688): CodeIgniter\Database\BaseConnection->initialize()
 2 APPPATH\Controllers\Home.php(5): CodeIgniter\Database\BaseConnection->simpleQuery('select * from public.user_master')
 3 SYSTEMPATH\Autoloader\Autoloader.php(312): include_once('C:\\Program Files\\xampp\\htdocs\\reporting\\app\\Controllers\\Home.php')
 4 SYSTEMPATH\Autoloader\Autoloader.php(289): CodeIgniter\Autoloader\Autoloader->includeFile('C:\\Program Files\\xampp\\htdocs\\reporting\\app\\Controllers\\Home.php')
 5 SYSTEMPATH\Autoloader\Autoloader.php(267): CodeIgniter\Autoloader\Autoloader->loadInNamespace('App\\Controllers\\Home')
 6 [internal function]: CodeIgniter\Autoloader\Autoloader->loadClass('App\\Controllers\\Home')
 7 SYSTEMPATH\CodeIgniter.php(892): class_exists('\\App\\Controllers\\Home', true)
 8 SYSTEMPATH\CodeIgniter.php(486): CodeIgniter\CodeIgniter->startController()
 9 SYSTEMPATH\CodeIgniter.php(368): CodeIgniter\CodeIgniter->handleRequest(null, Object(Config\Cache), false)
10 FCPATH\index.php(67): CodeIgniter\CodeIgniter->run()
ERROR - 2023-03-29 00:57:51 --> Error connecting to the database: ErrorException: pg_connect(): Unable to connect to PostgreSQL server: invalid sslmode value: &quot;1&quot; in C:\Program Files\xampp\htdocs\reporting\system\Database\Postgre\Connection.php:75
Stack trace:
#0 [internal function]: CodeIgniter\Debug\Exceptions->errorHandler(2, 'pg_connect(): U...', 'C:\\Program File...', 75)
#1 C:\Program Files\xampp\htdocs\reporting\system\Database\Postgre\Connection.php(75): pg_connect('host=localhost ...')
#2 C:\Program Files\xampp\htdocs\reporting\system\Database\BaseConnection.php(391): CodeIgniter\Database\Postgre\Connection->connect(false)
#3 C:\Program Files\xampp\htdocs\reporting\system\Database\BaseConnection.php(688): CodeIgniter\Database\BaseConnection->initialize()
#4 C:\Program Files\xampp\htdocs\reporting\app\Controllers\Home.php(5): CodeIgniter\Database\BaseConnection->simpleQuery('select * from p...')
#5 C:\Program Files\xampp\htdocs\reporting\system\Autoloader\Autoloader.php(312): include_once('C:\\Program File...')
#6 C:\Program Files\xampp\htdocs\reporting\system\Autoloader\Autoloader.php(289): CodeIgniter\Autoloader\Autoloader->includeFile('C:\\Program File...')
#7 C:\Program Files\xampp\htdocs\reporting\system\Autoloader\Autoloader.php(267): CodeIgniter\Autoloader\Autoloader->loadInNamespace('App\\Controllers...')
#8 [internal function]: CodeIgniter\Autoloader\Autoloader->loadClass('App\\Controllers...')
#9 C:\Program Files\xampp\htdocs\reporting\system\CodeIgniter.php(892): class_exists('\\App\\Controller...', true)
#10 C:\Program Files\xampp\htdocs\reporting\system\CodeIgniter.php(486): CodeIgniter\CodeIgniter->startController()
#11 C:\Program Files\xampp\htdocs\reporting\system\CodeIgniter.php(368): CodeIgniter\CodeIgniter->handleRequest(NULL, Object(Config\Cache), false)
#12 C:\Program Files\xampp\htdocs\reporting\public\index.php(67): CodeIgniter\CodeIgniter->run()
#13 C:\Program Files\xampp\htdocs\reporting\system\Commands\Server\rewrite.php(47): require_once('C:\\Program File...')
#14 {main}
CRITICAL - 2023-03-29 00:57:51 --> Unable to connect to the database.
Main connection [Postgre]: pg_connect(): Unable to connect to PostgreSQL server: invalid sslmode value: &quot;1&quot;
in SYSTEMPATH\Database\BaseConnection.php on line 427.
 1 SYSTEMPATH\Database\BaseConnection.php(688): CodeIgniter\Database\BaseConnection->initialize()
 2 APPPATH\Controllers\Home.php(5): CodeIgniter\Database\BaseConnection->simpleQuery('select * from public.user_master')
 3 SYSTEMPATH\Autoloader\Autoloader.php(312): include_once('C:\\Program Files\\xampp\\htdocs\\reporting\\app\\Controllers\\Home.php')
 4 SYSTEMPATH\Autoloader\Autoloader.php(289): CodeIgniter\Autoloader\Autoloader->includeFile('C:\\Program Files\\xampp\\htdocs\\reporting\\app\\Controllers\\Home.php')
 5 SYSTEMPATH\Autoloader\Autoloader.php(267): CodeIgniter\Autoloader\Autoloader->loadInNamespace('App\\Controllers\\Home')
 6 [internal function]: CodeIgniter\Autoloader\Autoloader->loadClass('App\\Controllers\\Home')
 7 SYSTEMPATH\CodeIgniter.php(892): class_exists('\\App\\Controllers\\Home', true)
 8 SYSTEMPATH\CodeIgniter.php(486): CodeIgniter\CodeIgniter->startController()
 9 SYSTEMPATH\CodeIgniter.php(368): CodeIgniter\CodeIgniter->handleRequest(null, Object(Config\Cache), false)
10 FCPATH\index.php(67): CodeIgniter\CodeIgniter->run()
11 SYSTEMPATH\Commands\Server\rewrite.php(47): require_once('C:\\Program Files\\xampp\\htdocs\\reporting\\public\\index.php')
ERROR - 2023-03-29 01:00:05 --> Error connecting to the database: ErrorException: pg_connect(): Unable to connect to PostgreSQL server: server does not support SSL, but SSL was required in C:\Program Files\xampp\htdocs\reporting\system\Database\Postgre\Connection.php:75
Stack trace:
#0 [internal function]: CodeIgniter\Debug\Exceptions->errorHandler(2, 'pg_connect(): U...', 'C:\\Program File...', 75)
#1 C:\Program Files\xampp\htdocs\reporting\system\Database\Postgre\Connection.php(75): pg_connect('host=localhost ...')
#2 C:\Program Files\xampp\htdocs\reporting\system\Database\BaseConnection.php(391): CodeIgniter\Database\Postgre\Connection->connect(false)
#3 C:\Program Files\xampp\htdocs\reporting\system\Database\BaseConnection.php(688): CodeIgniter\Database\BaseConnection->initialize()
#4 C:\Program Files\xampp\htdocs\reporting\app\Controllers\Home.php(5): CodeIgniter\Database\BaseConnection->simpleQuery('select * from p...')
#5 C:\Program Files\xampp\htdocs\reporting\system\Autoloader\Autoloader.php(312): include_once('C:\\Program File...')
#6 C:\Program Files\xampp\htdocs\reporting\system\Autoloader\Autoloader.php(289): CodeIgniter\Autoloader\Autoloader->includeFile('C:\\Program File...')
#7 C:\Program Files\xampp\htdocs\reporting\system\Autoloader\Autoloader.php(267): CodeIgniter\Autoloader\Autoloader->loadInNamespace('App\\Controllers...')
#8 [internal function]: CodeIgniter\Autoloader\Autoloader->loadClass('App\\Controllers...')
#9 C:\Program Files\xampp\htdocs\reporting\system\CodeIgniter.php(892): class_exists('\\App\\Controller...', true)
#10 C:\Program Files\xampp\htdocs\reporting\system\CodeIgniter.php(486): CodeIgniter\CodeIgniter->startController()
#11 C:\Program Files\xampp\htdocs\reporting\system\CodeIgniter.php(368): CodeIgniter\CodeIgniter->handleRequest(NULL, Object(Config\Cache), false)
#12 C:\Program Files\xampp\htdocs\reporting\public\index.php(67): CodeIgniter\CodeIgniter->run()
#13 C:\Program Files\xampp\htdocs\reporting\system\Commands\Server\rewrite.php(47): require_once('C:\\Program File...')
#14 {main}
CRITICAL - 2023-03-29 01:00:05 --> Unable to connect to the database.
Main connection [Postgre]: pg_connect(): Unable to connect to PostgreSQL server: server does not support SSL, but SSL was required
in SYSTEMPATH\Database\BaseConnection.php on line 427.
 1 SYSTEMPATH\Database\BaseConnection.php(688): CodeIgniter\Database\BaseConnection->initialize()
 2 APPPATH\Controllers\Home.php(5): CodeIgniter\Database\BaseConnection->simpleQuery('select * from public.user_master')
 3 SYSTEMPATH\Autoloader\Autoloader.php(312): include_once('C:\\Program Files\\xampp\\htdocs\\reporting\\app\\Controllers\\Home.php')
 4 SYSTEMPATH\Autoloader\Autoloader.php(289): CodeIgniter\Autoloader\Autoloader->includeFile('C:\\Program Files\\xampp\\htdocs\\reporting\\app\\Controllers\\Home.php')
 5 SYSTEMPATH\Autoloader\Autoloader.php(267): CodeIgniter\Autoloader\Autoloader->loadInNamespace('App\\Controllers\\Home')
 6 [internal function]: CodeIgniter\Autoloader\Autoloader->loadClass('App\\Controllers\\Home')
 7 SYSTEMPATH\CodeIgniter.php(892): class_exists('\\App\\Controllers\\Home', true)
 8 SYSTEMPATH\CodeIgniter.php(486): CodeIgniter\CodeIgniter->startController()
 9 SYSTEMPATH\CodeIgniter.php(368): CodeIgniter\CodeIgniter->handleRequest(null, Object(Config\Cache), false)
10 FCPATH\index.php(67): CodeIgniter\CodeIgniter->run()
11 SYSTEMPATH\Commands\Server\rewrite.php(47): require_once('C:\\Program Files\\xampp\\htdocs\\reporting\\public\\index.php')
CRITICAL - 2023-03-29 01:02:07 --> Undefined property: stdClass::$name
in APPPATH\Controllers\Home.php on line 7.
 1 APPPATH\Controllers\Home.php(7): CodeIgniter\Debug\Exceptions->errorHandler(2, 'Undefined property: stdClass::$name', 'C:\\Program Files\\xampp\\htdocs\\reporting\\app\\Controllers\\Home.php', 7)
 2 SYSTEMPATH\Autoloader\Autoloader.php(312): include_once('C:\\Program Files\\xampp\\htdocs\\reporting\\app\\Controllers\\Home.php')
 3 SYSTEMPATH\Autoloader\Autoloader.php(289): CodeIgniter\Autoloader\Autoloader->includeFile('C:\\Program Files\\xampp\\htdocs\\reporting\\app\\Controllers\\Home.php')
 4 SYSTEMPATH\Autoloader\Autoloader.php(267): CodeIgniter\Autoloader\Autoloader->loadInNamespace('App\\Controllers\\Home')
 5 [internal function]: CodeIgniter\Autoloader\Autoloader->loadClass('App\\Controllers\\Home')
 6 SYSTEMPATH\CodeIgniter.php(892): class_exists('\\App\\Controllers\\Home', true)
 7 SYSTEMPATH\CodeIgniter.php(486): CodeIgniter\CodeIgniter->startController()
 8 SYSTEMPATH\CodeIgniter.php(368): CodeIgniter\CodeIgniter->handleRequest(null, Object(Config\Cache), false)
 9 FCPATH\index.php(67): CodeIgniter\CodeIgniter->run()
10 SYSTEMPATH\Commands\Server\rewrite.php(47): require_once('C:\\Program Files\\xampp\\htdocs\\reporting\\public\\index.php')
CRITICAL - 2023-03-29 03:28:22 --> Cannot use object of type stdClass as array
in APPPATH\Views\report_home.php on line 357.
 1 SYSTEMPATH\View\View.php(213): include()
 2 SYSTEMPATH\View\View.php(216): CodeIgniter\View\View->CodeIgniter\View\{closure}()
 3 SYSTEMPATH\Common.php(1184): CodeIgniter\View\View->render('report_home', [], true)
 4 APPPATH\Controllers\Home.php(17): view('report_home', [...])
 5 SYSTEMPATH\CodeIgniter.php(934): App\Controllers\Home->index()
 6 SYSTEMPATH\CodeIgniter.php(499): CodeIgniter\CodeIgniter->runController(Object(App\Controllers\Home))
 7 SYSTEMPATH\CodeIgniter.php(368): CodeIgniter\CodeIgniter->handleRequest(null, Object(Config\Cache), false)
 8 FCPATH\index.php(67): CodeIgniter\CodeIgniter->run()
 9 SYSTEMPATH\Commands\Server\rewrite.php(47): require_once('C:\\Program Files\\xampp\\htdocs\\reporting\\public\\index.php')
CRITICAL - 2023-03-29 03:31:31 --> Cannot use object of type stdClass as array
in APPPATH\Controllers\Home.php on line 18.
 1 SYSTEMPATH\CodeIgniter.php(934): App\Controllers\Home->index()
 2 SYSTEMPATH\CodeIgniter.php(499): CodeIgniter\CodeIgniter->runController(Object(App\Controllers\Home))
 3 SYSTEMPATH\CodeIgniter.php(368): CodeIgniter\CodeIgniter->handleRequest(null, Object(Config\Cache), false)
 4 FCPATH\index.php(67): CodeIgniter\CodeIgniter->run()
 5 SYSTEMPATH\Commands\Server\rewrite.php(47): require_once('C:\\Program Files\\xampp\\htdocs\\reporting\\public\\index.php')
CRITICAL - 2023-03-29 03:35:10 --> Cannot use object of type stdClass as array
in APPPATH\Views\report_home.php on line 357.
 1 SYSTEMPATH\View\View.php(213): include()
 2 SYSTEMPATH\View\View.php(216): CodeIgniter\View\View->CodeIgniter\View\{closure}()
 3 SYSTEMPATH\Common.php(1184): CodeIgniter\View\View->render('report_home', [], true)
 4 APPPATH\Controllers\Home.php(19): view('report_home', [...])
 5 SYSTEMPATH\CodeIgniter.php(934): App\Controllers\Home->index()
 6 SYSTEMPATH\CodeIgniter.php(499): CodeIgniter\CodeIgniter->runController(Object(App\Controllers\Home))
 7 SYSTEMPATH\CodeIgniter.php(368): CodeIgniter\CodeIgniter->handleRequest(null, Object(Config\Cache), false)
 8 FCPATH\index.php(67): CodeIgniter\CodeIgniter->run()
 9 SYSTEMPATH\Commands\Server\rewrite.php(47): require_once('C:\\Program Files\\xampp\\htdocs\\reporting\\public\\index.php')
CRITICAL - 2023-03-29 03:53:34 --> Undefined variable $dept
in APPPATH\Views\report_home.php on line 367.
 1 APPPATH\Views\report_home.php(367): CodeIgniter\Debug\Exceptions->errorHandler(2, 'Undefined variable $dept', 'C:\\Program Files\\xampp\\htdocs\\reporting\\app\\Views\\report_home.php', 367)
 2 SYSTEMPATH\View\View.php(213): include('C:\\Program Files\\xampp\\htdocs\\reporting\\app\\Views\\report_home.php')
 3 SYSTEMPATH\View\View.php(216): CodeIgniter\View\View->CodeIgniter\View\{closure}()
 4 SYSTEMPATH\Common.php(1184): CodeIgniter\View\View->render('report_home', [], true)
 5 APPPATH\Controllers\Home.php(19): view('report_home', [...])
 6 SYSTEMPATH\CodeIgniter.php(934): App\Controllers\Home->index()
 7 SYSTEMPATH\CodeIgniter.php(499): CodeIgniter\CodeIgniter->runController(Object(App\Controllers\Home))
 8 SYSTEMPATH\CodeIgniter.php(368): CodeIgniter\CodeIgniter->handleRequest(null, Object(Config\Cache), false)
 9 FCPATH\index.php(67): CodeIgniter\CodeIgniter->run()
10 SYSTEMPATH\Commands\Server\rewrite.php(47): require_once('C:\\Program Files\\xampp\\htdocs\\reporting\\public\\index.php')
WARNING - 2023-03-29 04:23:08 --> [DEPRECATED] Creation of dynamic property App\Controllers\Home::$MasterStructureModel is deprecated in APPPATH\Controllers\Home.php on line 16.
 1 SYSTEMPATH\CodeIgniter.php(934): App\Controllers\Home->index()
 2 SYSTEMPATH\CodeIgniter.php(499): CodeIgniter\CodeIgniter->runController(Object(App\Controllers\Home))
 3 SYSTEMPATH\CodeIgniter.php(368): CodeIgniter\CodeIgniter->handleRequest(null, Object(Config\Cache), false)
 4 FCPATH\index.php(67): CodeIgniter\CodeIgniter->run()
 5 SYSTEMPATH\Commands\Server\rewrite.php(47): require_once('C:\\Program Files\\xampp\\htdocs\\reporting\\public\\index.php')
CRITICAL - 2023-03-29 06:36:15 --> Undefined array key "data"
in APPPATH\Controllers\Home.php on line 56.
 1 APPPATH\Controllers\Home.php(56): CodeIgniter\Debug\Exceptions->errorHandler(2, 'Undefined array key "data"', 'C:\\Program Files\\xampp\\htdocs\\reporting\\app\\Controllers\\Home.php', 56)
 2 SYSTEMPATH\CodeIgniter.php(934): App\Controllers\Home->getReport()
 3 SYSTEMPATH\CodeIgniter.php(499): CodeIgniter\CodeIgniter->runController(Object(App\Controllers\Home))
 4 SYSTEMPATH\CodeIgniter.php(368): CodeIgniter\CodeIgniter->handleRequest(null, Object(Config\Cache), false)
 5 FCPATH\index.php(67): CodeIgniter\CodeIgniter->run()
 6 SYSTEMPATH\Commands\Server\rewrite.php(47): require_once('C:\\Program Files\\xampp\\htdocs\\reporting\\public\\index.php')
CRITICAL - 2023-03-29 06:36:54 --> Undefined array key "data"
in APPPATH\Controllers\Home.php on line 56.
 1 APPPATH\Controllers\Home.php(56): CodeIgniter\Debug\Exceptions->errorHandler(2, 'Undefined array key "data"', 'C:\\Program Files\\xampp\\htdocs\\reporting\\app\\Controllers\\Home.php', 56)
 2 SYSTEMPATH\CodeIgniter.php(934): App\Controllers\Home->getReport()
 3 SYSTEMPATH\CodeIgniter.php(499): CodeIgniter\CodeIgniter->runController(Object(App\Controllers\Home))
 4 SYSTEMPATH\CodeIgniter.php(368): CodeIgniter\CodeIgniter->handleRequest(null, Object(Config\Cache), false)
 5 FCPATH\index.php(67): CodeIgniter\CodeIgniter->run()
 6 SYSTEMPATH\Commands\Server\rewrite.php(47): require_once('C:\\Program Files\\xampp\\htdocs\\reporting\\public\\index.php')
CRITICAL - 2023-03-29 06:38:26 --> Array to string conversion
in APPPATH\Controllers\Home.php on line 56.
 1 APPPATH\Controllers\Home.php(56): CodeIgniter\Debug\Exceptions->errorHandler(2, 'Array to string conversion', 'C:\\Program Files\\xampp\\htdocs\\reporting\\app\\Controllers\\Home.php', 56)
 2 SYSTEMPATH\CodeIgniter.php(934): App\Controllers\Home->getReport()
 3 SYSTEMPATH\CodeIgniter.php(499): CodeIgniter\CodeIgniter->runController(Object(App\Controllers\Home))
 4 SYSTEMPATH\CodeIgniter.php(368): CodeIgniter\CodeIgniter->handleRequest(null, Object(Config\Cache), false)
 5 FCPATH\index.php(67): CodeIgniter\CodeIgniter->run()
 6 SYSTEMPATH\Commands\Server\rewrite.php(47): require_once('C:\\Program Files\\xampp\\htdocs\\reporting\\public\\index.php')
CRITICAL - 2023-03-29 06:38:53 --> Array to string conversion
in APPPATH\Controllers\Home.php on line 56.
 1 APPPATH\Controllers\Home.php(56): CodeIgniter\Debug\Exceptions->errorHandler(2, 'Array to string conversion', 'C:\\Program Files\\xampp\\htdocs\\reporting\\app\\Controllers\\Home.php', 56)
 2 SYSTEMPATH\CodeIgniter.php(934): App\Controllers\Home->getReport()
 3 SYSTEMPATH\CodeIgniter.php(499): CodeIgniter\CodeIgniter->runController(Object(App\Controllers\Home))
 4 SYSTEMPATH\CodeIgniter.php(368): CodeIgniter\CodeIgniter->handleRequest(null, Object(Config\Cache), false)
 5 FCPATH\index.php(67): CodeIgniter\CodeIgniter->run()
 6 SYSTEMPATH\Commands\Server\rewrite.php(47): require_once('C:\\Program Files\\xampp\\htdocs\\reporting\\public\\index.php')
CRITICAL - 2023-03-29 06:48:24 --> Undefined array key "data"
in APPPATH\Controllers\Home.php on line 56.
 1 APPPATH\Controllers\Home.php(56): CodeIgniter\Debug\Exceptions->errorHandler(2, 'Undefined array key "data"', 'C:\\Program Files\\xampp\\htdocs\\reporting\\app\\Controllers\\Home.php', 56)
 2 SYSTEMPATH\CodeIgniter.php(934): App\Controllers\Home->getReport()
 3 SYSTEMPATH\CodeIgniter.php(499): CodeIgniter\CodeIgniter->runController(Object(App\Controllers\Home))
 4 SYSTEMPATH\CodeIgniter.php(368): CodeIgniter\CodeIgniter->handleRequest(null, Object(Config\Cache), false)
 5 FCPATH\index.php(67): CodeIgniter\CodeIgniter->run()
 6 SYSTEMPATH\Commands\Server\rewrite.php(47): require_once('C:\\Program Files\\xampp\\htdocs\\reporting\\public\\index.php')
CRITICAL - 2023-03-29 07:14:54 --> Attempt to assign property "courseReportType" on array
in APPPATH\Controllers\Home.php on line 56.
 1 SYSTEMPATH\CodeIgniter.php(934): App\Controllers\Home->getReport()
 2 SYSTEMPATH\CodeIgniter.php(499): CodeIgniter\CodeIgniter->runController(Object(App\Controllers\Home))
 3 SYSTEMPATH\CodeIgniter.php(368): CodeIgniter\CodeIgniter->handleRequest(null, Object(Config\Cache), false)
 4 FCPATH\index.php(67): CodeIgniter\CodeIgniter->run()
 5 SYSTEMPATH\Commands\Server\rewrite.php(47): require_once('C:\\Program Files\\xampp\\htdocs\\reporting\\public\\index.php')
CRITICAL - 2023-03-29 07:26:37 --> Undefined property: App\Controllers\Home::$input
in APPPATH\Controllers\Home.php on line 55.
 1 APPPATH\Controllers\Home.php(55): CodeIgniter\Debug\Exceptions->errorHandler(2, 'Undefined property: App\\Controllers\\Home::$input', 'C:\\Program Files\\xampp\\htdocs\\reporting\\app\\Controllers\\Home.php', 55)
 2 SYSTEMPATH\CodeIgniter.php(934): App\Controllers\Home->getReport()
 3 SYSTEMPATH\CodeIgniter.php(499): CodeIgniter\CodeIgniter->runController(Object(App\Controllers\Home))
 4 SYSTEMPATH\CodeIgniter.php(368): CodeIgniter\CodeIgniter->handleRequest(null, Object(Config\Cache), false)
 5 FCPATH\index.php(67): CodeIgniter\CodeIgniter->run()
 6 SYSTEMPATH\Commands\Server\rewrite.php(47): require_once('C:\\Program Files\\xampp\\htdocs\\reporting\\public\\index.php')
